#
# There is insufficient memory for the Java Runtime Environment to continue.
# Native memory allocation (malloc) failed to allocate 32744 bytes for ChunkPool::allocate
# Possible reasons:
#   The system is out of physical RAM or swap space
#   In 32 bit mode, the process size limit was hit
# Possible solutions:
#   Reduce memory load on the system
#   Increase physical memory or swap space
#   Check if swap backing store is full
#   Use 64 bit Java on a 64 bit OS
#   Decrease Java heap size (-Xmx/-Xms)
#   Decrease number of Java threads
#   Decrease Java thread stack sizes (-Xss)
#   Set larger code cache with -XX:ReservedCodeCacheSize=
# This output file may be truncated or incomplete.
#
#  Out of Memory Error (allocation.cpp:273), pid=6452, tid=4272
#
# JRE version: Java(TM) SE Runtime Environment (8.0_51-b16) (build 1.8.0_51-b16)
# Java VM: Java HotSpot(TM) 64-Bit Server VM (25.51-b03 mixed mode windows-amd64 compressed oops)
# Failed to write core dump. Minidumps are not enabled by default on client versions of Windows
#

---------------  T H R E A D  ---------------

Current thread (0x0000000014db5800):  JavaThread "C2 CompilerThread1" daemon [_thread_in_native, id=4272, stack(0x00000000163b0000,0x00000000164b0000)]

Stack: [0x00000000163b0000,0x00000000164b0000]
Native frames: (J=compiled Java code, j=interpreted, Vv=VM code, C=native code)
V  [jvm.dll+0x32b4ca]


Current CompileTask:
C2:   3610  525       4       java.util.HashMap::getNode (148 bytes)


---------------  P R O C E S S  ---------------

Java Threads: ( => current thread )
  0x0000000016830800 JavaThread "pool-1-thread-4" [_thread_in_Java, id=2244, stack(0x0000000016fb0000,0x00000000170b0000)]
  0x000000001682f000 JavaThread "pool-1-thread-3" [_thread_in_vm, id=3788, stack(0x0000000016eb0000,0x0000000016fb0000)]
  0x0000000016826000 JavaThread "pool-1-thread-2" [_thread_in_Java, id=2192, stack(0x0000000016db0000,0x0000000016eb0000)]
  0x0000000016825800 JavaThread "pool-2-thread-1" [_thread_blocked, id=1600, stack(0x0000000016cb0000,0x0000000016db0000)]
  0x0000000016822800 JavaThread "pool-1-thread-1" [_thread_in_vm, id=2580, stack(0x0000000016bb0000,0x0000000016cb0000)]
  0x00000000165bc800 JavaThread "Service Thread" daemon [_thread_blocked, id=5176, stack(0x00000000169b0000,0x0000000016ab0000)]
  0x0000000014dbc000 JavaThread "C1 CompilerThread2" daemon [_thread_in_native, id=1000, stack(0x00000000164b0000,0x00000000165b0000)]
=>0x0000000014db5800 JavaThread "C2 CompilerThread1" daemon [_thread_in_native, id=4272, stack(0x00000000163b0000,0x00000000164b0000)]
  0x0000000014d68000 JavaThread "C2 CompilerThread0" daemon [_thread_blocked, id=5364, stack(0x00000000162b0000,0x00000000163b0000)]
  0x0000000014d66800 JavaThread "Attach Listener" daemon [_thread_blocked, id=1504, stack(0x00000000161b0000,0x00000000162b0000)]
  0x0000000014d65000 JavaThread "Signal Dispatcher" daemon [_thread_blocked, id=5520, stack(0x00000000160b0000,0x00000000161b0000)]
  0x0000000002686000 JavaThread "Finalizer" daemon [_thread_blocked, id=3828, stack(0x0000000015fb0000,0x00000000160b0000)]
  0x000000000267d000 JavaThread "Reference Handler" daemon [_thread_blocked, id=3416, stack(0x0000000015eb0000,0x0000000015fb0000)]
  0x0000000002590800 JavaThread "main" [_thread_blocked, id=5808, stack(0x0000000002450000,0x0000000002550000)]

Other Threads:
  0x0000000014d27800 VMThread [stack: 0x0000000015db0000,0x0000000015eb0000] [id=5976]
  0x00000000165b3800 WatcherThread [stack: 0x0000000016ab0000,0x0000000016bb0000] [id=6160]

VM state:not at safepoint (normal execution)

VM Mutex/Monitor currently owned by a thread: None

Heap:
 PSYoungGen      total 18944K, used 10516K [0x00000000eab00000, 0x00000000ec000000, 0x0000000100000000)
  eden space 16384K, 64% used [0x00000000eab00000,0x00000000eb545008,0x00000000ebb00000)
  from space 2560K, 0% used [0x00000000ebd80000,0x00000000ebd80000,0x00000000ec000000)
  to   space 2560K, 0% used [0x00000000ebb00000,0x00000000ebb00000,0x00000000ebd80000)
 ParOldGen       total 44032K, used 0K [0x00000000c0000000, 0x00000000c2b00000, 0x00000000eab00000)
  object space 44032K, 0% used [0x00000000c0000000,0x00000000c0000000,0x00000000c2b00000)
 Metaspace       used 5295K, capacity 6448K, committed 6528K, reserved 1056768K
  class space    used 576K, capacity 616K, committed 640K, reserved 1048576K

Card table byte_map: [0x0000000011a50000,0x0000000011c60000] byte_map_base: 0x0000000011450000

Marking Bits: (ParMarkBitMap*) 0x000000006cde4040
 Begin Bits: [0x00000000121c0000, 0x00000000131c0000)
 End Bits:   [0x00000000131c0000, 0x00000000141c0000)

Polling page: 0x0000000000b90000

CodeCache: size=245760Kb used=2172Kb max_used=2183Kb free=243587Kb
 bounds [0x0000000002690000, 0x0000000002900000, 0x0000000011690000]
 total_blobs=780 nmethods=511 adapters=182
 compilation: enabled

Compilation events (10 events):
Event: 3.584 Thread 0x0000000014dbc000  508       3       com.android.dx.util.IntList::indexOf (16 bytes)
Event: 3.584 Thread 0x0000000014dbc000 nmethod 508 0x00000000028aec90 code [0x00000000028aee00, 0x00000000028af068]
Event: 3.584 Thread 0x0000000014dbc000  509       3       com.android.dx.util.IntList::binarysearch (124 bytes)
Event: 3.585 Thread 0x0000000014dbc000 nmethod 509 0x00000000028af110 code [0x00000000028af2a0, 0x00000000028af750]
Event: 3.585 Thread 0x0000000014dbc000  510       1       com.android.dx.rop.cst.CstMemberRef::getNat (5 bytes)
Event: 3.585 Thread 0x0000000014dbc000 nmethod 510 0x00000000028afa10 code [0x00000000028afb60, 0x00000000028afc70]
Event: 3.585 Thread 0x0000000014dbc000  511   !   3       com.android.dx.cf.code.BytecodeArray::parseInstruction (2764 bytes)
Event: 3.590 Thread 0x0000000014d68000  522       4       java.util.ArrayList$Itr::next (66 bytes)
Event: 3.592 Thread 0x0000000014d68000 nmethod 522 0x00000000028b29d0 code [0x00000000028b2b20, 0x00000000028b2c38]
Event: 3.599 Thread 0x0000000014db5800  525       4       java.util.HashMap::getNode (148 bytes)

GC Heap History (0 events):
No events

Deoptimization events (0 events):
No events

Internal exceptions (2 events):
Event: 0.098 Thread 0x0000000002590800 Exception <a 'java/lang/NoSuchMethodError': Method sun.misc.Unsafe.defineClass(Ljava/lang/String;[BII)Ljava/lang/Class; name or signature does not match> (0x00000000eab0d3f8) thrown at [C:\re\workspace\8-2-build-windows-amd64-cygwin\jdk8u51\3951\hotspot\sr‘MPó¹?
Event: 0.098 Thread 0x0000000002590800 Exception <a 'java/lang/NoSuchMethodError': Method sun.misc.Unsafe.prefetchRead(Ljava/lang/Object;J)V name or signature does not match> (0x00000000eab0d688) thrown at [C:\re\workspace\8-2-build-windows-amd64-cygwin\jdk8u51\3951\hotspot\src\share\vm\prims\j

Events (10 events):
Event: 3.521 loading class com/android/dx/dex/file/MethodIdItem
Event: 3.522 loading class com/android/dx/dex/file/MethodIdItem done
Event: 3.525 loading class com/android/dx/cf/code/Ropper$ExceptionHandlerSetup
Event: 3.525 loading class com/android/dx/cf/code/Ropper$ExceptionHandlerSetup done
Event: 3.533 loading class java/util/HashMap$Values
Event: 3.533 loading class java/util/HashMap$Values done
Event: 3.533 loading class java/util/HashMap$ValueIterator
Event: 3.533 loading class java/util/HashMap$ValueIterator done
Event: 3.583 loading class com/android/dx/dex/file/MethodAnnotationStruct
Event: 3.583 loading class com/android/dx/dex/file/MethodAnnotationStruct done


Dynamic libraries:
0x00007ff663fe0000 - 0x00007ff664017000 	C:\Program Files\Java\jdk1.8.0_51\bin\java.exe
0x00007ffccac70000 - 0x00007ffccae1c000 	C:\windows\SYSTEM32\ntdll.dll
0x00007ffcc8ca0000 - 0x00007ffcc8dde000 	C:\windows\system32\KERNEL32.DLL
0x00007ffcc7ff0000 - 0x00007ffcc8105000 	C:\windows\system32\KERNELBASE.dll
0x00007ffcc67b0000 - 0x00007ffcc683e000 	C:\windows\system32\apphelp.dll
0x00007ffcc2a00000 - 0x00007ffcc2a53000 	C:\windows\AppPatch\AppPatch64\AcGenral.DLL
0x00007ffccab00000 - 0x00007ffccabaa000 	C:\windows\system32\msvcrt.dll
0x00007ffcc7b90000 - 0x00007ffcc7bbe000 	C:\windows\SYSTEM32\SspiCli.dll
0x00007ffcc8750000 - 0x00007ffcc87a4000 	C:\windows\system32\SHLWAPI.dll
0x00007ffcca600000 - 0x00007ffcca777000 	C:\windows\system32\USER32.dll
0x00007ffcca8d0000 - 0x00007ffccaa64000 	C:\windows\system32\ole32.dll
0x00007ffcc90c0000 - 0x00007ffcca5eb000 	C:\windows\system32\SHELL32.dll
0x00007ffcc7360000 - 0x00007ffcc7381000 	C:\windows\SYSTEM32\USERENV.dll
0x00007ffcc9010000 - 0x00007ffcc90ba000 	C:\windows\system32\ADVAPI32.dll
0x00007ffcc3860000 - 0x00007ffcc387e000 	C:\windows\SYSTEM32\MPR.dll
0x00007ffcc8b00000 - 0x00007ffcc8c41000 	C:\windows\system32\RPCRT4.dll
0x00007ffcc82f0000 - 0x00007ffcc8349000 	C:\windows\SYSTEM32\sechost.dll
0x00007ffcc8530000 - 0x00007ffcc8741000 	C:\windows\SYSTEM32\combase.dll
0x00007ffcca780000 - 0x00007ffcca8cf000 	C:\windows\system32\GDI32.dll
0x00007ffcc7dc0000 - 0x00007ffcc7dd5000 	C:\windows\SYSTEM32\profapi.dll
0x00007ffcc5da0000 - 0x00007ffcc5e52000 	C:\windows\SYSTEM32\SHCORE.dll
0x00007ffcc8c60000 - 0x00007ffcc8c96000 	C:\windows\system32\IMM32.DLL
0x00007ffcc8eb0000 - 0x00007ffcc9002000 	C:\windows\system32\MSCTF.dll
0x00007ffcc4780000 - 0x00007ffcc49fb000 	C:\windows\WinSxS\amd64_microsoft.windows.common-controls_6595b64144ccf1df_6.0.9600.18006_none_623f33d3ecbe86e8\COMCTL32.dll
0x000000006c080000 - 0x000000006c152000 	C:\Program Files\Java\jdk1.8.0_51\jre\bin\msvcr100.dll
0x000000006c5e0000 - 0x000000006ce63000 	C:\Program Files\Java\jdk1.8.0_51\jre\bin\server\jvm.dll
0x00007ffcbfb40000 - 0x00007ffcbfb49000 	C:\windows\SYSTEM32\WSOCK32.dll
0x00007ffcbc150000 - 0x00007ffcbc172000 	C:\windows\SYSTEM32\WINMM.dll
0x00007ffcc0a60000 - 0x00007ffcc0a6a000 	C:\windows\SYSTEM32\VERSION.dll
0x00007ffccaa90000 - 0x00007ffccaa97000 	C:\windows\system32\PSAPI.DLL
0x00007ffccaaa0000 - 0x00007ffccaafa000 	C:\windows\system32\WS2_32.dll
0x00007ffcb8830000 - 0x00007ffcb885a000 	C:\windows\SYSTEM32\WINMMBASE.dll
0x00007ffcca5f0000 - 0x00007ffcca5f9000 	C:\windows\system32\NSI.dll
0x00007ffcc7e90000 - 0x00007ffcc7edf000 	C:\windows\SYSTEM32\cfgmgr32.dll
0x00007ffcc6bb0000 - 0x00007ffcc6bd8000 	C:\windows\SYSTEM32\DEVOBJ.dll
0x000000006c4f0000 - 0x000000006c4ff000 	C:\Program Files\Java\jdk1.8.0_51\jre\bin\verify.dll
0x000000006c4c0000 - 0x000000006c4e9000 	C:\Program Files\Java\jdk1.8.0_51\jre\bin\java.dll
0x000000006c4a0000 - 0x000000006c4b6000 	C:\Program Files\Java\jdk1.8.0_51\jre\bin\zip.dll

VM Arguments:
jvm_args: -Xmx1024M -Dfile.encoding=windows-1252 -Duser.country=MX -Duser.language=es -Duser.variant 
java_command: com.android.dx.command.Main --dex --num-threads=4 --output C:\Users\manuel\AndroidStudioProjects\DoctorPaciente\app\build\intermediates\pre-dexed\debug\classes-427f98edbceb2f0bd818e399ca9049abec502779.jar C:\Users\manuel\AndroidStudioProjects\DoctorPaciente\app\build\intermediates\exploded-aar\com.twitter.sdk.android\twitter-core\1.6.2\jars\classes.jar
java_class_path (initial): C:\Users\manuel\AppData\Local\Android\sdk\build-tools\23.0.0\lib\dx.jar
Launcher Type: SUN_STANDARD

Environment Variables:
PATH=C:\ProgramData\Oracle\Java\javapath;C:\Program Files (x86)\Intel\iCLS Client\;C:\Program Files\Intel\iCLS Client\;C:\windows\system32;C:\windows;C:\windows\System32\Wbem;C:\windows\System32\WindowsPowerShell\v1.0\;C:\Program Files\Intel\Intel(R) Management Engine Components\DAL;C:\Program Files\Intel\Intel(R) Management Engine Components\IPT;C:\Program Files (x86)\Intel\Intel(R) Management Engine Components\DAL;C:\Program Files (x86)\Intel\Intel(R) Management Engine Components\IPT;C:\Program Files (x86)\Calibre2\;C:\Program Files (x86)\QuickTime\QTSystem\;C:\Program Files\MATLAB\R2015a\bin;C:\SQLite;C:\Program Files\Java\jdk1.8.0_51\bin
USERNAME=manuel
OS=Windows_NT
PROCESSOR_IDENTIFIER=Intel64 Family 6 Model 69 Stepping 1, GenuineIntel



---------------  S Y S T E M  ---------------

OS: Windows 8.1 , 64 bit Build 9600 (6.3.9600.17415)

CPU:total 4 (2 cores per cpu, 2 threads per core) family 6 model 69 stepping 1, cmov, cx8, fxsr, mmx, sse, sse2, sse3, ssse3, sse4.1, sse4.2, popcnt, avx, avx2, aes, clmul, erms, lzcnt, ht, tsc, tscinvbit, bmi1, bmi2

Memory: 4k page, physical 4071704k(208632k free), swap 7217432k(5096k free)

vm_info: Java HotSpot(TM) 64-Bit Server VM (25.51-b03) for windows-amd64 JRE (1.8.0_51-b16), built on Jun  8 2015 18:03:07 by "java_re" with MS VC++ 10.0 (VS2010)

time: Wed Dec 23 17:10:32 2015
elapsed time: 3 seconds (0d 0h 0m 3s)

