#
# There is insufficient memory for the Java Runtime Environment to continue.
# Native memory allocation (malloc) failed to allocate 846096 bytes for Chunk::new
# Possible reasons:
#   The system is out of physical RAM or swap space
#   In 32 bit mode, the process size limit was hit
# Possible solutions:
#   Reduce memory load on the system
#   Increase physical memory or swap space
#   Check if swap backing store is full
#   Use 64 bit Java on a 64 bit OS
#   Decrease Java heap size (-Xmx/-Xms)
#   Decrease number of Java threads
#   Decrease Java thread stack sizes (-Xss)
#   Set larger code cache with -XX:ReservedCodeCacheSize=
# This output file may be truncated or incomplete.
#
#  Out of Memory Error (allocation.cpp:390), pid=3272, tid=6572
#
# JRE version: Java(TM) SE Runtime Environment (8.0_51-b16) (build 1.8.0_51-b16)
# Java VM: Java HotSpot(TM) 64-Bit Server VM (25.51-b03 mixed mode windows-amd64 compressed oops)
# Failed to write core dump. Minidumps are not enabled by default on client versions of Windows
#

---------------  T H R E A D  ---------------

Current thread (0x0000000014c97800):  JavaThread "C2 CompilerThread0" daemon [_thread_in_native, id=6572, stack(0x00000000161f0000,0x00000000162f0000)]

Stack: [0x00000000161f0000,0x00000000162f0000]
Native frames: (J=compiled Java code, j=interpreted, Vv=VM code, C=native code)
V  [jvm.dll+0x32b4ca]
V  [jvm.dll+0x2797e3]
V  [jvm.dll+0x27a479]
V  [jvm.dll+0x271765]
V  [jvm.dll+0xcba02]
V  [jvm.dll+0xcbecc]
V  [jvm.dll+0x492a7c]
V  [jvm.dll+0x45f98a]
V  [jvm.dll+0x46a7cb]
V  [jvm.dll+0x46cde2]
V  [jvm.dll+0x4501a2]
V  [jvm.dll+0xa43a2]
V  [jvm.dll+0xa4cdf]
V  [jvm.dll+0x2418a4]
V  [jvm.dll+0x29846a]
C  [msvcr100.dll+0x21d9f]
C  [msvcr100.dll+0x21e3b]
C  [KERNEL32.DLL+0x13d2]
C  [ntdll.dll+0x15454]


Current CompileTask:
C2:   4123 1144       4       com.android.dx.ssa.LocalVariableExtractor::processBlock (383 bytes)


---------------  P R O C E S S  ---------------

Java Threads: ( => current thread )
  0x0000000016656800 JavaThread "pool-1-thread-2" [_thread_in_Java, id=5880, stack(0x0000000016cf0000,0x0000000016df0000)]
  0x0000000016653800 JavaThread "pool-2-thread-1" [_thread_blocked, id=6344, stack(0x0000000016bf0000,0x0000000016cf0000)]
  0x0000000014cee800 JavaThread "Service Thread" daemon [_thread_blocked, id=5380, stack(0x00000000168f0000,0x00000000169f0000)]
  0x0000000014cec000 JavaThread "C1 CompilerThread2" daemon [_thread_blocked, id=6280, stack(0x00000000163f0000,0x00000000164f0000)]
  0x0000000014c9b800 JavaThread "C2 CompilerThread1" daemon [_thread_in_native, id=5940, stack(0x00000000162f0000,0x00000000163f0000)]
=>0x0000000014c97800 JavaThread "C2 CompilerThread0" daemon [_thread_in_native, id=6572, stack(0x00000000161f0000,0x00000000162f0000)]
  0x0000000014c96800 JavaThread "Attach Listener" daemon [_thread_blocked, id=3108, stack(0x00000000160f0000,0x00000000161f0000)]
  0x0000000014c95000 JavaThread "Signal Dispatcher" daemon [_thread_blocked, id=3976, stack(0x0000000015ff0000,0x00000000160f0000)]
  0x00000000024c0800 JavaThread "Finalizer" daemon [_thread_blocked, id=6764, stack(0x0000000015ef0000,0x0000000015ff0000)]
  0x00000000024bd000 JavaThread "Reference Handler" daemon [_thread_blocked, id=6128, stack(0x0000000015df0000,0x0000000015ef0000)]
  0x00000000023d0800 JavaThread "main" [_thread_blocked, id=3156, stack(0x0000000000b70000,0x0000000000c70000)]

Other Threads:
  0x0000000014c57800 VMThread [stack: 0x0000000015cf0000,0x0000000015df0000] [id=244]
  0x00000000164fa800 WatcherThread [stack: 0x00000000169f0000,0x0000000016af0000] [id=5048]

VM state:not at safepoint (normal execution)

VM Mutex/Monitor currently owned by a thread: None

Heap:
 PSYoungGen      total 35328K, used 7243K [0x00000000eab00000, 0x00000000ed000000, 0x0000000100000000)
  eden space 32768K, 14% used [0x00000000eab00000,0x00000000eaf9ac68,0x00000000ecb00000)
  from space 2560K, 98% used [0x00000000ecd80000,0x00000000ecff8048,0x00000000ed000000)
  to   space 2560K, 0% used [0x00000000ecb00000,0x00000000ecb00000,0x00000000ecd80000)
 ParOldGen       total 44032K, used 7723K [0x00000000c0000000, 0x00000000c2b00000, 0x00000000eab00000)
  object space 44032K, 17% used [0x00000000c0000000,0x00000000c078af70,0x00000000c2b00000)
 Metaspace       used 5786K, capacity 6896K, committed 7040K, reserved 1056768K
  class space    used 582K, capacity 616K, committed 640K, reserved 1048576K

Card table byte_map: [0x0000000011980000,0x0000000011b90000] byte_map_base: 0x0000000011380000

Marking Bits: (ParMarkBitMap*) 0x000000006cde4040
 Begin Bits: [0x00000000120f0000, 0x00000000130f0000)
 End Bits:   [0x00000000130f0000, 0x00000000140f0000)

Polling page: 0x0000000000c70000

CodeCache: size=245760Kb used=4833Kb max_used=4848Kb free=240926Kb
 bounds [0x00000000025c0000, 0x0000000002a90000, 0x00000000115c0000]
 total_blobs=1429 nmethods=1160 adapters=182
 compilation: enabled

Compilation events (10 events):
Event: 3.967 Thread 0x0000000014cec000 1161       3       com.android.dx.ssa.SsaMethod::makeExitBlock (134 bytes)
Event: 3.970 Thread 0x0000000014cec000 nmethod 1161 0x0000000002a6bad0 code [0x0000000002a6bd40, 0x0000000002a6cbe8]
Event: 3.978 Thread 0x0000000014cec000 1163       3       com.android.dx.ssa.SCCP::<init> (142 bytes)
Event: 3.980 Thread 0x0000000014cec000 nmethod 1163 0x0000000002a6d390 code [0x0000000002a6d600, 0x0000000002a6e728]
Event: 3.982 Thread 0x0000000014cec000 1164       3       com.android.dx.ssa.SsaMethod::buildUseList (112 bytes)
Event: 3.985 Thread 0x0000000014cec000 nmethod 1164 0x0000000002a6f010 code [0x0000000002a6f2a0, 0x0000000002a70598]
Event: 4.027 Thread 0x0000000014cec000 1166       3       com.android.dx.ssa.SCCP::run (298 bytes)
Event: 4.031 Thread 0x0000000014cec000 nmethod 1166 0x0000000002a72510 code [0x0000000002a72900, 0x0000000002a749c8]
Event: 4.033 Thread 0x0000000014c9b800 nmethod 1145 0x0000000002a78190 code [0x0000000002a78380, 0x0000000002a796d0]
Event: 4.033 Thread 0x0000000014c9b800 1159       4       com.android.dx.ssa.SsaRenamer$BlockRenamer::process (191 bytes)

GC Heap History (4 events):
Event: 2.247 GC heap before
{Heap before GC invocations=1 (full 0):
 PSYoungGen      total 18944K, used 16384K [0x00000000eab00000, 0x00000000ec000000, 0x0000000100000000)
  eden space 16384K, 100% used [0x00000000eab00000,0x00000000ebb00000,0x00000000ebb00000)
  from space 2560K, 0% used [0x00000000ebd80000,0x00000000ebd80000,0x00000000ec000000)
  to   space 2560K, 0% used [0x00000000ebb00000,0x00000000ebb00000,0x00000000ebd80000)
 ParOldGen       total 44032K, used 0K [0x00000000c0000000, 0x00000000c2b00000, 0x00000000eab00000)
  object space 44032K, 0% used [0x00000000c0000000,0x00000000c0000000,0x00000000c2b00000)
 Metaspace       used 5634K, capacity 6768K, committed 7040K, reserved 1056768K
  class space    used 580K, capacity 616K, committed 640K, reserved 1048576K
Event: 2.286 GC heap after
Heap after GC invocations=1 (full 0):
 PSYoungGen      total 18944K, used 2544K [0x00000000eab00000, 0x00000000ed000000, 0x0000000100000000)
  eden space 16384K, 0% used [0x00000000eab00000,0x00000000eab00000,0x00000000ebb00000)
  from space 2560K, 99% used [0x00000000ebb00000,0x00000000ebd7c048,0x00000000ebd80000)
  to   space 2560K, 0% used [0x00000000ecd80000,0x00000000ecd80000,0x00000000ed000000)
 ParOldGen       total 44032K, used 1961K [0x00000000c0000000, 0x00000000c2b00000, 0x00000000eab00000)
  object space 44032K, 4% used [0x00000000c0000000,0x00000000c01ea4d0,0x00000000c2b00000)
 Metaspace       used 5634K, capacity 6768K, committed 7040K, reserved 1056768K
  class space    used 580K, capacity 616K, committed 640K, reserved 1048576K
}
Event: 3.811 GC heap before
{Heap before GC invocations=2 (full 0):
 PSYoungGen      total 18944K, used 18928K [0x00000000eab00000, 0x00000000ed000000, 0x0000000100000000)
  eden space 16384K, 100% used [0x00000000eab00000,0x00000000ebb00000,0x00000000ebb00000)
  from space 2560K, 99% used [0x00000000ebb00000,0x00000000ebd7c048,0x00000000ebd80000)
  to   space 2560K, 0% used [0x00000000ecd80000,0x00000000ecd80000,0x00000000ed000000)
 ParOldGen       total 44032K, used 1961K [0x00000000c0000000, 0x00000000c2b00000, 0x00000000eab00000)
  object space 44032K, 4% used [0x00000000c0000000,0x00000000c01ea4d0,0x00000000c2b00000)
 Metaspace       used 5753K, capacity 6832K, committed 7040K, reserved 1056768K
  class space    used 580K, capacity 616K, committed 640K, reserved 1048576K
Event: 3.863 GC heap after
Heap after GC invocations=2 (full 0):
 PSYoungGen      total 35328K, used 2528K [0x00000000eab00000, 0x00000000ed000000, 0x0000000100000000)
  eden space 32768K, 0% used [0x00000000eab00000,0x00000000eab00000,0x00000000ecb00000)
  from space 2560K, 98% used [0x00000000ecd80000,0x00000000ecff8048,0x00000000ed000000)
  to   space 2560K, 0% used [0x00000000ecb00000,0x00000000ecb00000,0x00000000ecd80000)
 ParOldGen       total 44032K, used 7723K [0x00000000c0000000, 0x00000000c2b00000, 0x00000000eab00000)
  object space 44032K, 17% used [0x00000000c0000000,0x00000000c078af70,0x00000000c2b00000)
 Metaspace       used 5753K, capacity 6832K, committed 7040K, reserved 1056768K
  class space    used 580K, capacity 616K, committed 640K, reserved 1048576K
}

Deoptimization events (7 events):
Event: 1.543 Thread 0x00000000023d0800 Uncommon trap: reason=unstable_if action=reinterpret pc=0x00000000027d18e0 method=java.util.HashMap.getNode(ILjava/lang/Object;)Ljava/util/HashMap$Node; @ 129
Event: 1.668 Thread 0x0000000016650800 Uncommon trap: reason=class_check action=maybe_recompile pc=0x000000000280c570 method=com.android.dx.ssa.NormalSsaInsn.accept(Lcom/android/dx/ssa/SsaInsn$Visitor;)V @ 9
Event: 1.668 Thread 0x0000000016650800 Uncommon trap: reason=class_check action=maybe_recompile pc=0x000000000280c570 method=com.android.dx.ssa.NormalSsaInsn.accept(Lcom/android/dx/ssa/SsaInsn$Visitor;)V @ 9
Event: 1.669 Thread 0x0000000016650800 Uncommon trap: reason=class_check action=maybe_recompile pc=0x000000000280c570 method=com.android.dx.ssa.NormalSsaInsn.accept(Lcom/android/dx/ssa/SsaInsn$Visitor;)V @ 9
Event: 1.669 Thread 0x0000000016650800 Uncommon trap: reason=class_check action=maybe_recompile pc=0x000000000280c570 method=com.android.dx.ssa.NormalSsaInsn.accept(Lcom/android/dx/ssa/SsaInsn$Visitor;)V @ 9
Event: 2.026 Thread 0x0000000016650800 Uncommon trap: reason=null_check action=make_not_entrant pc=0x00000000028f3864 method=com.android.dx.rop.type.Type.equals(Ljava/lang/Object;)Z @ 8
Event: 3.340 Thread 0x0000000016656800 Uncommon trap: reason=class_check action=maybe_recompile pc=0x0000000002a11054 method=com.android.dx.cf.code.BytecodeArray.parseInstruction(ILcom/android/dx/cf/code/BytecodeArray$Visitor;)I @ 987

Internal exceptions (3 events):
Event: 0.074 Thread 0x00000000023d0800 Exception <a 'java/lang/NoSuchMethodError': Method sun.misc.Unsafe.defineClass(Ljava/lang/String;[BII)Ljava/lang/Class; name or signature does not match> (0x00000000eab0d408) thrown at [C:\re\workspace\8-2-build-windows-amd64-cygwin\jdk8u51\3951\hotspot\sr´vÌ,#³?
Event: 0.074 Thread 0x00000000023d0800 Exception <a 'java/lang/NoSuchMethodError': Method sun.misc.Unsafe.prefetchRead(Ljava/lang/Object;J)V name or signature does not match> (0x00000000eab0d698) thrown at [C:\re\workspace\8-2-build-windows-amd64-cygwin\jdk8u51\3951\hotspot\src\share\vm\prims\jaà'ð 4
Event: 2.026 Thread 0x0000000016650800 Implicit null exception at 0x00000000028f3762 to 0x00000000028f3855

Events (10 events):
Event: 3.807 Thread 0x0000000016656800 DEOPT PACKING pc=0x000000000287d74c sp=0x0000000016deee70
Event: 3.807 Thread 0x0000000016656800 DEOPT UNPACKING pc=0x000000000260787f sp=0x0000000016deeb88 mode 0
Event: 3.811 Executing VM operation: ParallelGCFailedAllocation
Event: 3.863 Executing VM operation: ParallelGCFailedAllocation done
Event: 3.885 loading class com/android/dx/util/ListIntSet
Event: 3.885 loading class com/android/dx/util/ListIntSet done
Event: 3.886 Executing VM operation: Deoptimize
Event: 3.886 Executing VM operation: Deoptimize done
Event: 3.899 loading class com/android/dx/util/ListIntSet$1
Event: 3.899 loading class com/android/dx/util/ListIntSet$1 done


Dynamic libraries:
0x00007ff663fe0000 - 0x00007ff664017000 	C:\Program Files\Java\jdk1.8.0_51\bin\java.exe
0x00007ffccac70000 - 0x00007ffccae1c000 	C:\windows\SYSTEM32\ntdll.dll
0x00007ffcc8ca0000 - 0x00007ffcc8dde000 	C:\windows\system32\KERNEL32.DLL
0x00007ffcc7ff0000 - 0x00007ffcc8105000 	C:\windows\system32\KERNELBASE.dll
0x00007ffcc67b0000 - 0x00007ffcc683e000 	C:\windows\system32\apphelp.dll
0x00007ffcc2a00000 - 0x00007ffcc2a53000 	C:\windows\AppPatch\AppPatch64\AcGenral.DLL
0x00007ffccab00000 - 0x00007ffccabaa000 	C:\windows\system32\msvcrt.dll
0x00007ffcc7b90000 - 0x00007ffcc7bbe000 	C:\windows\SYSTEM32\SspiCli.dll
0x00007ffcc8750000 - 0x00007ffcc87a4000 	C:\windows\system32\SHLWAPI.dll
0x00007ffcca600000 - 0x00007ffcca777000 	C:\windows\system32\USER32.dll
0x00007ffcca8d0000 - 0x00007ffccaa64000 	C:\windows\system32\ole32.dll
0x00007ffcc90c0000 - 0x00007ffcca5eb000 	C:\windows\system32\SHELL32.dll
0x00007ffcc7360000 - 0x00007ffcc7381000 	C:\windows\SYSTEM32\USERENV.dll
0x00007ffcc9010000 - 0x00007ffcc90ba000 	C:\windows\system32\ADVAPI32.dll
0x00007ffcc3860000 - 0x00007ffcc387e000 	C:\windows\SYSTEM32\MPR.dll
0x00007ffcc8b00000 - 0x00007ffcc8c41000 	C:\windows\system32\RPCRT4.dll
0x00007ffcc82f0000 - 0x00007ffcc8349000 	C:\windows\SYSTEM32\sechost.dll
0x00007ffcc8530000 - 0x00007ffcc8741000 	C:\windows\SYSTEM32\combase.dll
0x00007ffcca780000 - 0x00007ffcca8cf000 	C:\windows\system32\GDI32.dll
0x00007ffcc7dc0000 - 0x00007ffcc7dd5000 	C:\windows\SYSTEM32\profapi.dll
0x00007ffcc5da0000 - 0x00007ffcc5e52000 	C:\windows\SYSTEM32\SHCORE.dll
0x00007ffcc8c60000 - 0x00007ffcc8c96000 	C:\windows\system32\IMM32.DLL
0x00007ffcc8eb0000 - 0x00007ffcc9002000 	C:\windows\system32\MSCTF.dll
0x00007ffcc4780000 - 0x00007ffcc49fb000 	C:\windows\WinSxS\amd64_microsoft.windows.common-controls_6595b64144ccf1df_6.0.9600.18006_none_623f33d3ecbe86e8\COMCTL32.dll
0x000000006c080000 - 0x000000006c152000 	C:\Program Files\Java\jdk1.8.0_51\jre\bin\msvcr100.dll
0x000000006c5e0000 - 0x000000006ce63000 	C:\Program Files\Java\jdk1.8.0_51\jre\bin\server\jvm.dll
0x00007ffcbfb40000 - 0x00007ffcbfb49000 	C:\windows\SYSTEM32\WSOCK32.dll
0x00007ffcbc150000 - 0x00007ffcbc172000 	C:\windows\SYSTEM32\WINMM.dll
0x00007ffcc0a60000 - 0x00007ffcc0a6a000 	C:\windows\SYSTEM32\VERSION.dll
0x00007ffccaa90000 - 0x00007ffccaa97000 	C:\windows\system32\PSAPI.DLL
0x00007ffccaaa0000 - 0x00007ffccaafa000 	C:\windows\system32\WS2_32.dll
0x00007ffcb8830000 - 0x00007ffcb885a000 	C:\windows\SYSTEM32\WINMMBASE.dll
0x00007ffcca5f0000 - 0x00007ffcca5f9000 	C:\windows\system32\NSI.dll
0x00007ffcc7e90000 - 0x00007ffcc7edf000 	C:\windows\SYSTEM32\cfgmgr32.dll
0x00007ffcc6bb0000 - 0x00007ffcc6bd8000 	C:\windows\SYSTEM32\DEVOBJ.dll
0x000000006c4f0000 - 0x000000006c4ff000 	C:\Program Files\Java\jdk1.8.0_51\jre\bin\verify.dll
0x000000006c4c0000 - 0x000000006c4e9000 	C:\Program Files\Java\jdk1.8.0_51\jre\bin\java.dll
0x000000006c4a0000 - 0x000000006c4b6000 	C:\Program Files\Java\jdk1.8.0_51\jre\bin\zip.dll
0x00007ffcc59f0000 - 0x00007ffcc5b79000 	C:\windows\SYSTEM32\dbghelp.dll

VM Arguments:
jvm_args: -Xmx1024M -Dfile.encoding=windows-1252 -Duser.country=MX -Duser.language=es -Duser.variant 
java_command: com.android.dx.command.Main --dex --num-threads=4 --output C:\Users\manuel\AndroidStudioProjects\DoctorPaciente\app\build\intermediates\pre-dexed\debug\twitter-text-1.13.0-3d1d35266478cd4323b7f699f1101b43385beffd.jar C:\Users\manuel\.gradle\caches\modules-2\files-2.1\com.twitter\twitter-text\1.13.0\78415b95ae3184c5926d593feab64bfc0b73b2dd\twitter-text-1.13.0.jar
java_class_path (initial): C:\Users\manuel\AppData\Local\Android\sdk\build-tools\23.0.0\lib\dx.jar
Launcher Type: SUN_STANDARD

Environment Variables:
PATH=C:\ProgramData\Oracle\Java\javapath;C:\Program Files (x86)\Intel\iCLS Client\;C:\Program Files\Intel\iCLS Client\;C:\windows\system32;C:\windows;C:\windows\System32\Wbem;C:\windows\System32\WindowsPowerShell\v1.0\;C:\Program Files\Intel\Intel(R) Management Engine Components\DAL;C:\Program Files\Intel\Intel(R) Management Engine Components\IPT;C:\Program Files (x86)\Intel\Intel(R) Management Engine Components\DAL;C:\Program Files (x86)\Intel\Intel(R) Management Engine Components\IPT;C:\Program Files (x86)\Calibre2\;C:\Program Files (x86)\QuickTime\QTSystem\;C:\Program Files\MATLAB\R2015a\bin;C:\SQLite;C:\Program Files\Java\jdk1.8.0_51\bin
USERNAME=manuel
OS=Windows_NT
PROCESSOR_IDENTIFIER=Intel64 Family 6 Model 69 Stepping 1, GenuineIntel



---------------  S Y S T E M  ---------------

OS: Windows 8.1 , 64 bit Build 9600 (6.3.9600.17415)

CPU:total 4 (2 cores per cpu, 2 threads per core) family 6 model 69 stepping 1, cmov, cx8, fxsr, mmx, sse, sse2, sse3, ssse3, sse4.1, sse4.2, popcnt, avx, avx2, aes, clmul, erms, lzcnt, ht, tsc, tscinvbit, bmi1, bmi2

Memory: 4k page, physical 4071704k(192524k free), swap 7217432k(5740k free)

vm_info: Java HotSpot(TM) 64-Bit Server VM (25.51-b03) for windows-amd64 JRE (1.8.0_51-b16), built on Jun  8 2015 18:03:07 by "java_re" with MS VC++ 10.0 (VS2010)

time: Wed Dec 23 17:10:33 2015
elapsed time: 4 seconds (0d 0h 0m 4s)

