#
# There is insufficient memory for the Java Runtime Environment to continue.
# Native memory allocation (malloc) failed to allocate 1907600 bytes for Chunk::new
# Possible reasons:
#   The system is out of physical RAM or swap space
#   In 32 bit mode, the process size limit was hit
# Possible solutions:
#   Reduce memory load on the system
#   Increase physical memory or swap space
#   Check if swap backing store is full
#   Use 64 bit Java on a 64 bit OS
#   Decrease Java heap size (-Xmx/-Xms)
#   Decrease number of Java threads
#   Decrease Java thread stack sizes (-Xss)
#   Set larger code cache with -XX:ReservedCodeCacheSize=
# This output file may be truncated or incomplete.
#
#  Out of Memory Error (allocation.cpp:390), pid=6132, tid=5364
#
# JRE version: Java(TM) SE Runtime Environment (8.0_51-b16) (build 1.8.0_51-b16)
# Java VM: Java HotSpot(TM) 64-Bit Server VM (25.51-b03 mixed mode windows-amd64 compressed oops)
# Failed to write core dump. Minidumps are not enabled by default on client versions of Windows
#

---------------  T H R E A D  ---------------

Current thread (0x0000000015109800):  JavaThread "C2 CompilerThread1" daemon [_thread_in_native, id=5364, stack(0x0000000016770000,0x0000000016870000)]

Stack: [0x0000000016770000,0x0000000016870000]
Native frames: (J=compiled Java code, j=interpreted, Vv=VM code, C=native code)
V  [jvm.dll+0x32b4ca]
V  [jvm.dll+0x2797e3]
V  [jvm.dll+0x27a479]
V  [jvm.dll+0x271765]
V  [jvm.dll+0xcba02]
V  [jvm.dll+0xcbecc]
V  [jvm.dll+0x492ad7]
V  [jvm.dll+0x45f98a]
V  [jvm.dll+0x46a7cb]
V  [jvm.dll+0x46cde2]
V  [jvm.dll+0x4501a2]
V  [jvm.dll+0xa43a2]
V  [jvm.dll+0xa4cdf]
V  [jvm.dll+0x2418a4]
V  [jvm.dll+0x29846a]
C  [msvcr100.dll+0x21d9f]


Current CompileTask:
C2:   5996 1382   !   4       com.android.dx.cf.cst.ConstantPoolParser::parse0 (731 bytes)


---------------  P R O C E S S  ---------------

Java Threads: ( => current thread )
  0x0000000016ad7000 JavaThread "pool-1-thread-4" [_thread_blocked, id=7080, stack(0x0000000017370000,0x0000000017470000)]
  0x0000000016ad6000 JavaThread "pool-1-thread-3" [_thread_blocked, id=3632, stack(0x0000000017270000,0x0000000017370000)]
  0x0000000016ad1000 JavaThread "pool-1-thread-2" [_thread_in_Java, id=6344, stack(0x0000000017170000,0x0000000017270000)]
  0x0000000016ace000 JavaThread "pool-2-thread-1" [_thread_blocked, id=6012, stack(0x0000000017070000,0x0000000017170000)]
  0x0000000016acb000 JavaThread "pool-1-thread-1" [_thread_in_Java, id=6160, stack(0x0000000016f70000,0x0000000017070000)]
  0x0000000016879000 JavaThread "Service Thread" daemon [_thread_blocked, id=1000, stack(0x0000000016d70000,0x0000000016e70000)]
  0x0000000016878800 JavaThread "C1 CompilerThread2" daemon [_thread_blocked, id=4272, stack(0x0000000016c70000,0x0000000016d70000)]
=>0x0000000015109800 JavaThread "C2 CompilerThread1" daemon [_thread_in_native, id=5364, stack(0x0000000016770000,0x0000000016870000)]
  0x0000000015117800 JavaThread "C2 CompilerThread0" daemon [_thread_in_native, id=1504, stack(0x0000000016670000,0x0000000016770000)]
  0x0000000015116800 JavaThread "Attach Listener" daemon [_thread_blocked, id=5520, stack(0x0000000016570000,0x0000000016670000)]
  0x0000000015115000 JavaThread "Signal Dispatcher" daemon [_thread_blocked, id=3828, stack(0x0000000016470000,0x0000000016570000)]
  0x0000000002a31800 JavaThread "Finalizer" daemon [_thread_blocked, id=3416, stack(0x0000000016370000,0x0000000016470000)]
  0x0000000002a2e800 JavaThread "Reference Handler" daemon [_thread_blocked, id=2040, stack(0x0000000016270000,0x0000000016370000)]
  0x0000000002940800 JavaThread "main" [_thread_in_Java, id=3108, stack(0x0000000002840000,0x0000000002940000)]

Other Threads:
  0x00000000150d6800 VMThread [stack: 0x0000000016170000,0x0000000016270000] [id=5804]
  0x000000001687a000 WatcherThread [stack: 0x0000000016e70000,0x0000000016f70000] [id=5176]

VM state:not at safepoint (normal execution)

VM Mutex/Monitor currently owned by a thread: None

Heap:
 PSYoungGen      total 35328K, used 26137K [0x00000000eab00000, 0x00000000ed000000, 0x0000000100000000)
  eden space 32768K, 71% used [0x00000000eab00000,0x00000000ec207c98,0x00000000ecb00000)
  from space 2560K, 99% used [0x00000000ecd80000,0x00000000ecffea80,0x00000000ed000000)
  to   space 2560K, 0% used [0x00000000ecb00000,0x00000000ecb00000,0x00000000ecd80000)
 ParOldGen       total 44032K, used 4406K [0x00000000c0000000, 0x00000000c2b00000, 0x00000000eab00000)
  object space 44032K, 10% used [0x00000000c0000000,0x00000000c044d818,0x00000000c2b00000)
 Metaspace       used 6029K, capacity 7088K, committed 7296K, reserved 1056768K
  class space    used 584K, capacity 616K, committed 640K, reserved 1048576K

Card table byte_map: [0x0000000011e00000,0x0000000012010000] byte_map_base: 0x0000000011800000

Marking Bits: (ParMarkBitMap*) 0x000000006cde4040
 Begin Bits: [0x0000000012570000, 0x0000000013570000)
 End Bits:   [0x0000000013570000, 0x0000000014570000)

Polling page: 0x0000000000e30000

CodeCache: size=245760Kb used=6228Kb max_used=6228Kb free=239531Kb
 bounds [0x0000000002a40000, 0x0000000003060000, 0x0000000011a40000]
 total_blobs=1765 nmethods=1495 adapters=182
 compilation: disabled (not enough contiguous free space left)

Compilation events (10 events):
Event: 5.781 Thread 0x0000000016878800 nmethod 1502 0x000000000304db50 code [0x000000000304dde0, 0x000000000304ef08]
Event: 5.781 Thread 0x0000000016878800 1503   !   3       com.android.dx.cf.code.Merger::mergeStack (192 bytes)
Event: 5.785 Thread 0x0000000016878800 nmethod 1503 0x000000000304fb50 code [0x000000000304fee0, 0x0000000003051ed8]
Event: 5.785 Thread 0x0000000016878800 1504       3       com.android.dx.util.IntList::equals (82 bytes)
Event: 5.785 Thread 0x0000000016878800 nmethod 1504 0x00000000030530d0 code [0x0000000003053260, 0x0000000003053810]
Event: 5.790 Thread 0x0000000016878800 1505       3       java.util.TreeMap$EntryIterator::next (5 bytes)
Event: 5.790 Thread 0x0000000016878800 nmethod 1505 0x0000000003053a10 code [0x0000000003053b80, 0x0000000003053e68]
Event: 5.791 Thread 0x0000000016878800 1506       3       com.android.dx.util.LabeledList::set (45 bytes)
Event: 5.793 Thread 0x0000000016878800 nmethod 1506 0x0000000003053f10 code [0x0000000003054140, 0x0000000003054ea8]
Event: 5.954 Thread 0x0000000016878800 1507       3       com.android.dx.rop.code.RegisterSpec::withLocalItem (41 bytes)

GC Heap History (4 events):
Event: 2.412 GC heap before
{Heap before GC invocations=1 (full 0):
 PSYoungGen      total 18944K, used 16384K [0x00000000eab00000, 0x00000000ec000000, 0x0000000100000000)
  eden space 16384K, 100% used [0x00000000eab00000,0x00000000ebb00000,0x00000000ebb00000)
  from space 2560K, 0% used [0x00000000ebd80000,0x00000000ebd80000,0x00000000ec000000)
  to   space 2560K, 0% used [0x00000000ebb00000,0x00000000ebb00000,0x00000000ebd80000)
 ParOldGen       total 44032K, used 0K [0x00000000c0000000, 0x00000000c2b00000, 0x00000000eab00000)
  object space 44032K, 0% used [0x00000000c0000000,0x00000000c0000000,0x00000000c2b00000)
 Metaspace       used 5704K, capacity 6768K, committed 7040K, reserved 1056768K
  class space    used 579K, capacity 616K, committed 640K, reserved 1048576K
Event: 2.649 GC heap after
Heap after GC invocations=1 (full 0):
 PSYoungGen      total 18944K, used 2551K [0x00000000eab00000, 0x00000000ed000000, 0x0000000100000000)
  eden space 16384K, 0% used [0x00000000eab00000,0x00000000eab00000,0x00000000ebb00000)
  from space 2560K, 99% used [0x00000000ebb00000,0x00000000ebd7dc98,0x00000000ebd80000)
  to   space 2560K, 0% used [0x00000000ecd80000,0x00000000ecd80000,0x00000000ed000000)
 ParOldGen       total 44032K, used 1882K [0x00000000c0000000, 0x00000000c2b00000, 0x00000000eab00000)
  object space 44032K, 4% used [0x00000000c0000000,0x00000000c01d6860,0x00000000c2b00000)
 Metaspace       used 5704K, capacity 6768K, committed 7040K, reserved 1056768K
  class space    used 579K, capacity 616K, committed 640K, reserved 1048576K
}
Event: 3.976 GC heap before
{Heap before GC invocations=2 (full 0):
 PSYoungGen      total 18944K, used 18935K [0x00000000eab00000, 0x00000000ed000000, 0x0000000100000000)
  eden space 16384K, 100% used [0x00000000eab00000,0x00000000ebb00000,0x00000000ebb00000)
  from space 2560K, 99% used [0x00000000ebb00000,0x00000000ebd7dc98,0x00000000ebd80000)
  to   space 2560K, 0% used [0x00000000ecd80000,0x00000000ecd80000,0x00000000ed000000)
 ParOldGen       total 44032K, used 1882K [0x00000000c0000000, 0x00000000c2b00000, 0x00000000eab00000)
  object space 44032K, 4% used [0x00000000c0000000,0x00000000c01d6860,0x00000000c2b00000)
 Metaspace       used 5888K, capacity 6960K, committed 7040K, reserved 1056768K
  class space    used 582K, capacity 616K, committed 640K, reserved 1048576K
Event: 4.364 GC heap after
Heap after GC invocations=2 (full 0):
 PSYoungGen      total 35328K, used 2554K [0x00000000eab00000, 0x00000000ed000000, 0x0000000100000000)
  eden space 32768K, 0% used [0x00000000eab00000,0x00000000eab00000,0x00000000ecb00000)
  from space 2560K, 99% used [0x00000000ecd80000,0x00000000ecffea80,0x00000000ed000000)
  to   space 2560K, 0% used [0x00000000ecb00000,0x00000000ecb00000,0x00000000ecd80000)
 ParOldGen       total 44032K, used 4406K [0x00000000c0000000, 0x00000000c2b00000, 0x00000000eab00000)
  object space 44032K, 10% used [0x00000000c0000000,0x00000000c044d818,0x00000000c2b00000)
 Metaspace       used 5888K, capacity 6960K, committed 7040K, reserved 1056768K
  class space    used 582K, capacity 616K, committed 640K, reserved 1048576K
}

Deoptimization events (10 events):
Event: 3.468 Thread 0x0000000016acb000 Uncommon trap: reason=bimorphic action=maybe_recompile pc=0x0000000002efc3b4 method=java.util.HashMap.getNode(ILjava/lang/Object;)Ljava/util/HashMap$Node; @ 126
Event: 3.469 Thread 0x0000000016acb000 Uncommon trap: reason=bimorphic action=maybe_recompile pc=0x0000000002c6f1dc method=java.util.HashMap.getNode(ILjava/lang/Object;)Ljava/util/HashMap$Node; @ 126
Event: 4.939 Thread 0x0000000016ad7000 Uncommon trap: reason=bimorphic action=maybe_recompile pc=0x0000000002f8c284 method=com.android.dx.cf.code.BytecodeArray.parseInstruction(ILcom/android/dx/cf/code/BytecodeArray$Visitor;)I @ 939
Event: 4.939 Thread 0x0000000016ad7000 Uncommon trap: reason=bimorphic action=maybe_recompile pc=0x0000000002f8c180 method=com.android.dx.cf.code.BytecodeArray.parseInstruction(ILcom/android/dx/cf/code/BytecodeArray$Visitor;)I @ 907
Event: 4.939 Thread 0x0000000016ad7000 Uncommon trap: reason=bimorphic action=maybe_recompile pc=0x0000000002f8c284 method=com.android.dx.cf.code.BytecodeArray.parseInstruction(ILcom/android/dx/cf/code/BytecodeArray$Visitor;)I @ 939
Event: 4.939 Thread 0x0000000016ad7000 Uncommon trap: reason=bimorphic action=maybe_recompile pc=0x0000000002f8c180 method=com.android.dx.cf.code.BytecodeArray.parseInstruction(ILcom/android/dx/cf/code/BytecodeArray$Visitor;)I @ 907
Event: 5.246 Thread 0x0000000002940800 Uncommon trap: reason=unstable_if action=reinterpret pc=0x0000000002ecd138 method=com.android.dx.cf.code.Ropper.labelToResultIndex(I)I @ 34
Event: 5.764 Thread 0x0000000016ad1000 Uncommon trap: reason=unstable_if action=reinterpret pc=0x0000000002defb6c method=com.android.dx.rop.code.RegisterSpecSet.put(Lcom/android/dx/rop/code/RegisterSpec;)V @ 77
Event: 5.764 Thread 0x0000000016ad1000 Uncommon trap: reason=unstable_if action=reinterpret pc=0x0000000002e3c7e0 method=com.android.dx.rop.code.RegisterSpecSet.put(Lcom/android/dx/rop/code/RegisterSpec;)V @ 77
Event: 5.787 Thread 0x0000000002940800 Uncommon trap: reason=unstable_if action=reinterpret pc=0x0000000002ed0220 method=com.android.dx.util.LabeledList.set(ILcom/android/dx/util/LabeledItem;)V @ 16

Internal exceptions (4 events):
Event: 0.199 Thread 0x0000000002940800 Exception <a 'java/lang/NoSuchMethodError': Method sun.misc.Unsafe.defineClass(Ljava/lang/String;[BII)Ljava/lang/Class; name or signature does not match> (0x00000000eab0d3e8) thrown at [C:\re\workspace\8-2-build-windows-amd64-cygwin\jdk8u51\3951\hotspot\sr)ıØËÅ…?
Event: 0.199 Thread 0x0000000002940800 Exception <a 'java/lang/NoSuchMethodError': Method sun.misc.Unsafe.prefetchRead(Ljava/lang/Object;J)V name or signature does not match> (0x00000000eab0d678) thrown at [C:\re\workspace\8-2-build-windows-amd64-cygwin\jdk8u51\3951\hotspot\src\share\vm\prims\j/ﬁÑz§À@
Event: 2.849 Thread 0x0000000016acb000 Implicit null exception at 0x0000000002d94a94 to 0x0000000002d97001
Event: 3.366 Thread 0x0000000016acb000 Implicit null exception at 0x0000000002e863e2 to 0x0000000002e864d5

Events (10 events):
Event: 5.246 Thread 0x0000000002940800 DEOPT UNPACKING pc=0x0000000002a8582a sp=0x000000000293e7c8 mode 2
Event: 5.764 Thread 0x0000000016ad1000 Uncommon trap: trap_request=0xffffff65 fr.pc=0x0000000002defb6c
Event: 5.764 Thread 0x0000000016ad1000 DEOPT PACKING pc=0x0000000002defb6c sp=0x000000001726ed20
Event: 5.764 Thread 0x0000000016ad1000 DEOPT UNPACKING pc=0x0000000002a8582a sp=0x000000001726eca8 mode 2
Event: 5.764 Thread 0x0000000016ad1000 Uncommon trap: trap_request=0xffffff65 fr.pc=0x0000000002e3c7e0
Event: 5.764 Thread 0x0000000016ad1000 DEOPT PACKING pc=0x0000000002e3c7e0 sp=0x000000001726ed10
Event: 5.764 Thread 0x0000000016ad1000 DEOPT UNPACKING pc=0x0000000002a8582a sp=0x000000001726ec30 mode 2
Event: 5.787 Thread 0x0000000002940800 Uncommon trap: trap_request=0xffffff65 fr.pc=0x0000000002ed0220
Event: 5.787 Thread 0x0000000002940800 DEOPT PACKING pc=0x0000000002ed0220 sp=0x000000000293e6a0
Event: 5.787 Thread 0x0000000002940800 DEOPT UNPACKING pc=0x0000000002a8582a sp=0x000000000293e688 mode 2


Dynamic libraries:
0x00007ff663fe0000 - 0x00007ff664017000 	C:\Program Files\Java\jdk1.8.0_51\bin\java.exe
0x00007ffccac70000 - 0x00007ffccae1c000 	C:\windows\SYSTEM32\ntdll.dll
0x00007ffcc8ca0000 - 0x00007ffcc8dde000 	C:\windows\system32\KERNEL32.DLL
0x00007ffcc7ff0000 - 0x00007ffcc8105000 	C:\windows\system32\KERNELBASE.dll
0x00007ffcc67b0000 - 0x00007ffcc683e000 	C:\windows\system32\apphelp.dll
0x00007ffcc2a00000 - 0x00007ffcc2a53000 	C:\windows\AppPatch\AppPatch64\AcGenral.DLL
0x00007ffccab00000 - 0x00007ffccabaa000 	C:\windows\system32\msvcrt.dll
0x00007ffcc7b90000 - 0x00007ffcc7bbe000 	C:\windows\SYSTEM32\SspiCli.dll
0x00007ffcc8750000 - 0x00007ffcc87a4000 	C:\windows\system32\SHLWAPI.dll
0x00007ffcca600000 - 0x00007ffcca777000 	C:\windows\system32\USER32.dll
0x00007ffcca8d0000 - 0x00007ffccaa64000 	C:\windows\system32\ole32.dll
0x00007ffcc90c0000 - 0x00007ffcca5eb000 	C:\windows\system32\SHELL32.dll
0x00007ffcc7360000 - 0x00007ffcc7381000 	C:\windows\SYSTEM32\USERENV.dll
0x00007ffcc9010000 - 0x00007ffcc90ba000 	C:\windows\system32\ADVAPI32.dll
0x00007ffcc3860000 - 0x00007ffcc387e000 	C:\windows\SYSTEM32\MPR.dll
0x00007ffcc8b00000 - 0x00007ffcc8c41000 	C:\windows\system32\RPCRT4.dll
0x00007ffcc82f0000 - 0x00007ffcc8349000 	C:\windows\SYSTEM32\sechost.dll
0x00007ffcc8530000 - 0x00007ffcc8741000 	C:\windows\SYSTEM32\combase.dll
0x00007ffcca780000 - 0x00007ffcca8cf000 	C:\windows\system32\GDI32.dll
0x00007ffcc7dc0000 - 0x00007ffcc7dd5000 	C:\windows\SYSTEM32\profapi.dll
0x00007ffcc5da0000 - 0x00007ffcc5e52000 	C:\windows\SYSTEM32\SHCORE.dll
0x00007ffcc8c60000 - 0x00007ffcc8c96000 	C:\windows\system32\IMM32.DLL
0x00007ffcc8eb0000 - 0x00007ffcc9002000 	C:\windows\system32\MSCTF.dll
0x00007ffcc4780000 - 0x00007ffcc49fb000 	C:\windows\WinSxS\amd64_microsoft.windows.common-controls_6595b64144ccf1df_6.0.9600.18006_none_623f33d3ecbe86e8\COMCTL32.dll
0x000000006c080000 - 0x000000006c152000 	C:\Program Files\Java\jdk1.8.0_51\jre\bin\msvcr100.dll
0x000000006c5e0000 - 0x000000006ce63000 	C:\Program Files\Java\jdk1.8.0_51\jre\bin\server\jvm.dll
0x00007ffcbfb40000 - 0x00007ffcbfb49000 	C:\windows\SYSTEM32\WSOCK32.dll
0x00007ffcbc150000 - 0x00007ffcbc172000 	C:\windows\SYSTEM32\WINMM.dll
0x00007ffcc0a60000 - 0x00007ffcc0a6a000 	C:\windows\SYSTEM32\VERSION.dll
0x00007ffccaa90000 - 0x00007ffccaa97000 	C:\windows\system32\PSAPI.DLL
0x00007ffccaaa0000 - 0x00007ffccaafa000 	C:\windows\system32\WS2_32.dll
0x00007ffcb8830000 - 0x00007ffcb885a000 	C:\windows\SYSTEM32\WINMMBASE.dll
0x00007ffcca5f0000 - 0x00007ffcca5f9000 	C:\windows\system32\NSI.dll
0x00007ffcc7e90000 - 0x00007ffcc7edf000 	C:\windows\SYSTEM32\cfgmgr32.dll
0x00007ffcc6bb0000 - 0x00007ffcc6bd8000 	C:\windows\SYSTEM32\DEVOBJ.dll
0x000000006c4f0000 - 0x000000006c4ff000 	C:\Program Files\Java\jdk1.8.0_51\jre\bin\verify.dll
0x000000006c4c0000 - 0x000000006c4e9000 	C:\Program Files\Java\jdk1.8.0_51\jre\bin\java.dll
0x000000006c4a0000 - 0x000000006c4b6000 	C:\Program Files\Java\jdk1.8.0_51\jre\bin\zip.dll
0x00007ffcc59f0000 - 0x00007ffcc5b79000 	C:\windows\SYSTEM32\dbghelp.dll

VM Arguments:
jvm_args: -Xmx1024M -Dfile.encoding=windows-1252 -Duser.country=MX -Duser.language=es -Duser.variant 
java_command: com.android.dx.command.Main --dex --num-threads=4 --output C:\Users\manuel\AndroidStudioProjects\DoctorPaciente\app\build\intermediates\pre-dexed\debug\classes-be5aa34553fecd9d450cae04edad72247e624853.jar C:\Users\manuel\AndroidStudioProjects\DoctorPaciente\app\build\intermediates\exploded-aar\com.android.support\design\23.1.1\jars\classes.jar
java_class_path (initial): C:\Users\manuel\AppData\Local\Android\sdk\build-tools\23.0.0\lib\dx.jar
Launcher Type: SUN_STANDARD

Environment Variables:
PATH=C:\ProgramData\Oracle\Java\javapath;C:\Program Files (x86)\Intel\iCLS Client\;C:\Program Files\Intel\iCLS Client\;C:\windows\system32;C:\windows;C:\windows\System32\Wbem;C:\windows\System32\WindowsPowerShell\v1.0\;C:\Program Files\Intel\Intel(R) Management Engine Components\DAL;C:\Program Files\Intel\Intel(R) Management Engine Components\IPT;C:\Program Files (x86)\Intel\Intel(R) Management Engine Components\DAL;C:\Program Files (x86)\Intel\Intel(R) Management Engine Components\IPT;C:\Program Files (x86)\Calibre2\;C:\Program Files (x86)\QuickTime\QTSystem\;C:\Program Files\MATLAB\R2015a\bin;C:\SQLite;C:\Program Files\Java\jdk1.8.0_51\bin
USERNAME=manuel
OS=Windows_NT
PROCESSOR_IDENTIFIER=Intel64 Family 6 Model 69 Stepping 1, GenuineIntel



---------------  S Y S T E M  ---------------

OS: Windows 8.1 , 64 bit Build 9600 (6.3.9600.17415)

CPU:total 4 (2 cores per cpu, 2 threads per core) family 6 model 69 stepping 1, cmov, cx8, fxsr, mmx, sse, sse2, sse3, ssse3, sse4.1, sse4.2, popcnt, avx, avx2, aes, clmul, erms, lzcnt, ht, tsc, tscinvbit, bmi1, bmi2

Memory: 4k page, physical 4071704k(171884k free), swap 7217432k(6004k free)

vm_info: Java HotSpot(TM) 64-Bit Server VM (25.51-b03) for windows-amd64 JRE (1.8.0_51-b16), built on Jun  8 2015 18:03:07 by "java_re" with MS VC++ 10.0 (VS2010)

time: Wed Dec 23 17:10:27 2015
elapsed time: 5 seconds (0d 0h 0m 5s)

