#
# There is insufficient memory for the Java Runtime Environment to continue.
# Native memory allocation (malloc) failed to allocate 1035856 bytes for Chunk::new
# Possible reasons:
#   The system is out of physical RAM or swap space
#   In 32 bit mode, the process size limit was hit
# Possible solutions:
#   Reduce memory load on the system
#   Increase physical memory or swap space
#   Check if swap backing store is full
#   Use 64 bit Java on a 64 bit OS
#   Decrease Java heap size (-Xmx/-Xms)
#   Decrease number of Java threads
#   Decrease Java thread stack sizes (-Xss)
#   Set larger code cache with -XX:ReservedCodeCacheSize=
# This output file may be truncated or incomplete.
#
#  Out of Memory Error (allocation.cpp:390), pid=5968, tid=5156
#
# JRE version: Java(TM) SE Runtime Environment (8.0_51-b16) (build 1.8.0_51-b16)
# Java VM: Java HotSpot(TM) 64-Bit Server VM (25.51-b03 mixed mode windows-amd64 compressed oops)
# Failed to write core dump. Minidumps are not enabled by default on client versions of Windows
#

---------------  T H R E A D  ---------------

Current thread (0x0000000014cac000):  JavaThread "C2 CompilerThread0" daemon [_thread_in_native, id=5156, stack(0x0000000016200000,0x0000000016300000)]

Stack: [0x0000000016200000,0x0000000016300000]
Native frames: (J=compiled Java code, j=interpreted, Vv=VM code, C=native code)
V  [jvm.dll+0x32b4ca]
V  [jvm.dll+0x2797e3]
V  [jvm.dll+0x27a479]
V  [jvm.dll+0x271765]
V  [jvm.dll+0xcba02]
V  [jvm.dll+0xcbecc]
V  [jvm.dll+0x476f72]
V  [jvm.dll+0x4b95ff]
V  [jvm.dll+0x46bb38]
V  [jvm.dll+0x46cd4e]
V  [jvm.dll+0x4501a2]
V  [jvm.dll+0xa43a2]
V  [jvm.dll+0xa4cdf]
V  [jvm.dll+0x2418a4]
V  [jvm.dll+0x29846a]
C  [msvcr100.dll+0x21d9f]
C  [msvcr100.dll+0x21e3b]
C  [KERNEL32.DLL+0x13d2]
C  [ntdll.dll+0x15454]


Current CompileTask:
C2:  17743 1553       4       com.android.dx.ssa.SCCP::simulateBlock (54 bytes)


---------------  P R O C E S S  ---------------

Java Threads: ( => current thread )
  0x0000000016788800 JavaThread "pool-1-thread-4" [_thread_in_Java, id=5048, stack(0x0000000016f00000,0x0000000017000000)]
  0x0000000016771800 JavaThread "pool-1-thread-3" [_thread_in_vm, id=5380, stack(0x0000000016e00000,0x0000000016f00000)]
  0x000000001676f800 JavaThread "pool-1-thread-2" [_thread_in_Java, id=6280, stack(0x0000000016d00000,0x0000000016e00000)]
  0x0000000016764800 JavaThread "pool-2-thread-1" [_thread_blocked, id=6572, stack(0x0000000016c00000,0x0000000016d00000)]
  0x0000000016764000 JavaThread "pool-1-thread-1" [_thread_in_Java, id=3108, stack(0x0000000016b00000,0x0000000016c00000)]
  0x000000001650d000 JavaThread "Service Thread" daemon [_thread_blocked, id=3420, stack(0x0000000016900000,0x0000000016a00000)]
  0x0000000014d08800 JavaThread "C1 CompilerThread2" daemon [_thread_blocked, id=7128, stack(0x0000000016400000,0x0000000016500000)]
  0x0000000014d05800 JavaThread "C2 CompilerThread1" daemon [_thread_in_native, id=6984, stack(0x0000000016300000,0x0000000016400000)]
=>0x0000000014cac000 JavaThread "C2 CompilerThread0" daemon [_thread_in_native, id=5156, stack(0x0000000016200000,0x0000000016300000)]
  0x0000000014caa800 JavaThread "Attach Listener" daemon [_thread_blocked, id=3908, stack(0x0000000016100000,0x0000000016200000)]
  0x0000000014ca9000 JavaThread "Signal Dispatcher" daemon [_thread_blocked, id=4788, stack(0x0000000016000000,0x0000000016100000)]
  0x00000000025d7000 JavaThread "Finalizer" daemon [_thread_blocked, id=6776, stack(0x0000000015f00000,0x0000000016000000)]
  0x00000000025ce800 JavaThread "Reference Handler" daemon [_thread_blocked, id=6864, stack(0x0000000015e00000,0x0000000015f00000)]
  0x00000000024e0800 JavaThread "main" [_thread_in_Java, id=6560, stack(0x0000000002310000,0x0000000002410000)]

Other Threads:
  0x0000000014c76800 VMThread [stack: 0x0000000015d00000,0x0000000015e00000] [id=2244]
  0x0000000016502000 WatcherThread [stack: 0x0000000016a00000,0x0000000016b00000] [id=5056]

VM state:not at safepoint (normal execution)

VM Mutex/Monitor currently owned by a thread: None

Heap:
 PSYoungGen      total 35328K, used 32882K [0x00000000eab00000, 0x00000000ed000000, 0x0000000100000000)
  eden space 32768K, 92% used [0x00000000eab00000,0x00000000ec8a4770,0x00000000ecb00000)
  from space 2560K, 98% used [0x00000000ecd80000,0x00000000ecff8148,0x00000000ed000000)
  to   space 2560K, 0% used [0x00000000ecb00000,0x00000000ecb00000,0x00000000ecd80000)
 ParOldGen       total 44032K, used 4267K [0x00000000c0000000, 0x00000000c2b00000, 0x00000000eab00000)
  object space 44032K, 9% used [0x00000000c0000000,0x00000000c042af50,0x00000000c2b00000)
 Metaspace       used 6020K, capacity 7088K, committed 7296K, reserved 1056768K
  class space    used 585K, capacity 616K, committed 640K, reserved 1048576K

Card table byte_map: [0x00000000119a0000,0x0000000011bb0000] byte_map_base: 0x00000000113a0000

Marking Bits: (ParMarkBitMap*) 0x000000006cde4040
 Begin Bits: [0x0000000012110000, 0x0000000013110000)
 End Bits:   [0x0000000013110000, 0x0000000014110000)

Polling page: 0x0000000000a80000

CodeCache: size=245760Kb used=6811Kb max_used=6811Kb free=238948Kb
 bounds [0x00000000025e0000, 0x0000000002c90000, 0x00000000115e0000]
 total_blobs=1811 nmethods=1542 adapters=182
 compilation: enabled

Compilation events (10 events):
Event: 17.595 Thread 0x0000000014d08800 1565       3       java.util.HashMap$HashIterator::nextNode (100 bytes)
Event: 17.596 Thread 0x0000000014d08800 nmethod 1565 0x0000000002c52590 code [0x0000000002c52740, 0x0000000002c52c18]
Event: 17.596 Thread 0x0000000014d08800 1566       3       com.android.dx.dex.file.CodeItem::<init> (81 bytes)
Event: 17.597 Thread 0x0000000014d08800 nmethod 1566 0x0000000002c7ab10 code [0x0000000002c7acc0, 0x0000000002c7b1b8]
Event: 17.597 Thread 0x0000000014d08800 1567       1       com.android.dx.rop.cst.CstString::getType (4 bytes)
Event: 17.598 Thread 0x0000000014d08800 nmethod 1567 0x0000000002c7a850 code [0x0000000002c7a9a0, 0x0000000002c7aab0]
Event: 17.607 Thread 0x0000000014d08800 1569       3       com.android.dx.ssa.PhiTypeResolver::equalsHandlesNulls (23 bytes)
Event: 17.607 Thread 0x0000000014d08800 nmethod 1569 0x0000000002c78210 code [0x0000000002c783a0, 0x0000000002c787e8]
Event: 17.607 Thread 0x0000000014d08800 1570       3       com.android.dx.rop.code.Insn::contentEquals (84 bytes)
Event: 17.609 Thread 0x0000000014d08800 nmethod 1570 0x0000000002c8ae90 code [0x0000000002c8b080, 0x0000000002c8bcb8]

GC Heap History (4 events):
Event: 12.070 GC heap before
{Heap before GC invocations=1 (full 0):
 PSYoungGen      total 18944K, used 16384K [0x00000000eab00000, 0x00000000ec000000, 0x0000000100000000)
  eden space 16384K, 100% used [0x00000000eab00000,0x00000000ebb00000,0x00000000ebb00000)
  from space 2560K, 0% used [0x00000000ebd80000,0x00000000ebd80000,0x00000000ec000000)
  to   space 2560K, 0% used [0x00000000ebb00000,0x00000000ebb00000,0x00000000ebd80000)
 ParOldGen       total 44032K, used 0K [0x00000000c0000000, 0x00000000c2b00000, 0x00000000eab00000)
  object space 44032K, 0% used [0x00000000c0000000,0x00000000c0000000,0x00000000c2b00000)
 Metaspace       used 5693K, capacity 6768K, committed 7040K, reserved 1056768K
  class space    used 579K, capacity 616K, committed 640K, reserved 1048576K
Event: 12.246 GC heap after
Heap after GC invocations=1 (full 0):
 PSYoungGen      total 18944K, used 2551K [0x00000000eab00000, 0x00000000ed000000, 0x0000000100000000)
  eden space 16384K, 0% used [0x00000000eab00000,0x00000000eab00000,0x00000000ebb00000)
  from space 2560K, 99% used [0x00000000ebb00000,0x00000000ebd7dc78,0x00000000ebd80000)
  to   space 2560K, 0% used [0x00000000ecd80000,0x00000000ecd80000,0x00000000ed000000)
 ParOldGen       total 44032K, used 1673K [0x00000000c0000000, 0x00000000c2b00000, 0x00000000eab00000)
  object space 44032K, 3% used [0x00000000c0000000,0x00000000c01a24c8,0x00000000c2b00000)
 Metaspace       used 5693K, capacity 6768K, committed 7040K, reserved 1056768K
  class space    used 579K, capacity 616K, committed 640K, reserved 1048576K
}
Event: 15.476 GC heap before
{Heap before GC invocations=2 (full 0):
 PSYoungGen      total 18944K, used 18935K [0x00000000eab00000, 0x00000000ed000000, 0x0000000100000000)
  eden space 16384K, 100% used [0x00000000eab00000,0x00000000ebb00000,0x00000000ebb00000)
  from space 2560K, 99% used [0x00000000ebb00000,0x00000000ebd7dc78,0x00000000ebd80000)
  to   space 2560K, 0% used [0x00000000ecd80000,0x00000000ecd80000,0x00000000ed000000)
 ParOldGen       total 44032K, used 1673K [0x00000000c0000000, 0x00000000c2b00000, 0x00000000eab00000)
  object space 44032K, 3% used [0x00000000c0000000,0x00000000c01a24c8,0x00000000c2b00000)
 Metaspace       used 5913K, capacity 6960K, committed 7040K, reserved 1056768K
  class space    used 585K, capacity 616K, committed 640K, reserved 1048576K
Event: 15.748 GC heap after
Heap after GC invocations=2 (full 0):
 PSYoungGen      total 35328K, used 2528K [0x00000000eab00000, 0x00000000ed000000, 0x0000000100000000)
  eden space 32768K, 0% used [0x00000000eab00000,0x00000000eab00000,0x00000000ecb00000)
  from space 2560K, 98% used [0x00000000ecd80000,0x00000000ecff8148,0x00000000ed000000)
  to   space 2560K, 0% used [0x00000000ecb00000,0x00000000ecb00000,0x00000000ecd80000)
 ParOldGen       total 44032K, used 4267K [0x00000000c0000000, 0x00000000c2b00000, 0x00000000eab00000)
  object space 44032K, 9% used [0x00000000c0000000,0x00000000c042af50,0x00000000c2b00000)
 Metaspace       used 5913K, capacity 6960K, committed 7040K, reserved 1056768K
  class space    used 585K, capacity 616K, committed 640K, reserved 1048576K
}

Deoptimization events (10 events):
Event: 16.200 Thread 0x0000000016764000 Uncommon trap: reason=unstable_if action=reinterpret pc=0x00000000029d57a0 method=com.android.dx.rop.code.RegisterSpecSet.put(Lcom/android/dx/rop/code/RegisterSpec;)V @ 77
Event: 16.202 Thread 0x0000000016764000 Uncommon trap: reason=bimorphic action=maybe_recompile pc=0x0000000002a0dc40 method=java.util.HashMap.getNode(ILjava/lang/Object;)Ljava/util/HashMap$Node; @ 126
Event: 16.202 Thread 0x0000000016764000 Uncommon trap: reason=class_check action=maybe_recompile pc=0x0000000002aabf64 method=java.util.HashMap.putVal(ILjava/lang/Object;Ljava/lang/Object;ZZ)Ljava/lang/Object; @ 203
Event: 16.202 Thread 0x0000000016764000 Uncommon trap: reason=bimorphic action=maybe_recompile pc=0x0000000002a0dc40 method=java.util.HashMap.getNode(ILjava/lang/Object;)Ljava/util/HashMap$Node; @ 126
Event: 16.202 Thread 0x0000000016764000 Uncommon trap: reason=class_check action=maybe_recompile pc=0x0000000002aabf64 method=java.util.HashMap.putVal(ILjava/lang/Object;Ljava/lang/Object;ZZ)Ljava/lang/Object; @ 203
Event: 16.202 Thread 0x0000000016764000 Uncommon trap: reason=bimorphic action=maybe_recompile pc=0x0000000002a0dc40 method=java.util.HashMap.getNode(ILjava/lang/Object;)Ljava/util/HashMap$Node; @ 126
Event: 16.202 Thread 0x0000000016764000 Uncommon trap: reason=class_check action=maybe_recompile pc=0x0000000002aabf64 method=java.util.HashMap.putVal(ILjava/lang/Object;Ljava/lang/Object;ZZ)Ljava/lang/Object; @ 203
Event: 16.202 Thread 0x0000000016764000 Uncommon trap: reason=bimorphic action=maybe_recompile pc=0x0000000002a11384 method=java.util.HashMap.getNode(ILjava/lang/Object;)Ljava/util/HashMap$Node; @ 126
Event: 16.252 Thread 0x000000001676f800 Uncommon trap: reason=unstable_if action=reinterpret pc=0x0000000002b82f00 method=com.android.dx.ssa.SCCP.simulateBranch(Lcom/android/dx/ssa/SsaInsn;)V @ 64
Event: 16.255 Thread 0x0000000016764000 Uncommon trap: reason=unstable_if action=reinterpret pc=0x0000000002bc5738 method=com.android.dx.rop.code.RegisterSpecSet.put(Lcom/android/dx/rop/code/RegisterSpec;)V @ 77

Internal exceptions (3 events):
Event: 0.769 Thread 0x00000000024e0800 Exception <a 'java/lang/NoSuchMethodError': Method sun.misc.Unsafe.defineClass(Ljava/lang/String;[BII)Ljava/lang/Class; name or signature does not match> (0x00000000eab0d388) thrown at [C:\re\workspace\8-2-build-windows-amd64-cygwin\jdk8u51\3951\hotspot\sr2˛œìMùË?
Event: 0.769 Thread 0x00000000024e0800 Exception <a 'java/lang/NoSuchMethodError': Method sun.misc.Unsafe.prefetchRead(Ljava/lang/Object;J)V name or signature does not match> (0x00000000eab0d618) thrown at [C:\re\workspace\8-2-build-windows-amd64-cygwin\jdk8u51\3951\hotspot\src\share\vm\prims\jâ˜©vÍÏ&@
Event: 11.463 Thread 0x00000000024e0800 Implicit null exception at 0x00000000028bcb94 to 0x00000000028bef49

Events (10 events):
Event: 16.202 Thread 0x0000000016764000 DEOPT PACKING pc=0x0000000002a11384 sp=0x0000000016bfe820
Event: 16.202 Thread 0x0000000016764000 DEOPT UNPACKING pc=0x000000000262582a sp=0x0000000016bfe758 mode 2
Event: 16.213 loading class com/android/dx/cf/attrib/AttDeprecated
Event: 16.213 loading class com/android/dx/cf/attrib/AttDeprecated done
Event: 16.252 Thread 0x000000001676f800 Uncommon trap: trap_request=0xffffff65 fr.pc=0x0000000002b82f00
Event: 16.252 Thread 0x000000001676f800 DEOPT PACKING pc=0x0000000002b82f00 sp=0x0000000016dfed10
Event: 16.255 Thread 0x0000000016764000 Uncommon trap: trap_request=0xffffff65 fr.pc=0x0000000002bc5738
Event: 16.255 Thread 0x0000000016764000 DEOPT PACKING pc=0x0000000002bc5738 sp=0x0000000016bfece0
Event: 16.255 Thread 0x0000000016764000 DEOPT UNPACKING pc=0x000000000262582a sp=0x0000000016bfec30 mode 2
Event: 16.506 Thread 0x000000001676f800 DEOPT UNPACKING pc=0x000000000262582a sp=0x0000000016dfed10 mode 2


Dynamic libraries:
0x00007ff663fe0000 - 0x00007ff664017000 	C:\Program Files\Java\jdk1.8.0_51\bin\java.exe
0x00007ffccac70000 - 0x00007ffccae1c000 	C:\windows\SYSTEM32\ntdll.dll
0x00007ffcc8ca0000 - 0x00007ffcc8dde000 	C:\windows\system32\KERNEL32.DLL
0x00007ffcc7ff0000 - 0x00007ffcc8105000 	C:\windows\system32\KERNELBASE.dll
0x00007ffcc67b0000 - 0x00007ffcc683e000 	C:\windows\system32\apphelp.dll
0x00007ffcc2a00000 - 0x00007ffcc2a53000 	C:\windows\AppPatch\AppPatch64\AcGenral.DLL
0x00007ffccab00000 - 0x00007ffccabaa000 	C:\windows\system32\msvcrt.dll
0x00007ffcc7b90000 - 0x00007ffcc7bbe000 	C:\windows\SYSTEM32\SspiCli.dll
0x00007ffcc8750000 - 0x00007ffcc87a4000 	C:\windows\system32\SHLWAPI.dll
0x00007ffcca600000 - 0x00007ffcca777000 	C:\windows\system32\USER32.dll
0x00007ffcca8d0000 - 0x00007ffccaa64000 	C:\windows\system32\ole32.dll
0x00007ffcc90c0000 - 0x00007ffcca5eb000 	C:\windows\system32\SHELL32.dll
0x00007ffcc7360000 - 0x00007ffcc7381000 	C:\windows\SYSTEM32\USERENV.dll
0x00007ffcc9010000 - 0x00007ffcc90ba000 	C:\windows\system32\ADVAPI32.dll
0x00007ffcc3860000 - 0x00007ffcc387e000 	C:\windows\SYSTEM32\MPR.dll
0x00007ffcc8b00000 - 0x00007ffcc8c41000 	C:\windows\system32\RPCRT4.dll
0x00007ffcc82f0000 - 0x00007ffcc8349000 	C:\windows\SYSTEM32\sechost.dll
0x00007ffcc8530000 - 0x00007ffcc8741000 	C:\windows\SYSTEM32\combase.dll
0x00007ffcca780000 - 0x00007ffcca8cf000 	C:\windows\system32\GDI32.dll
0x00007ffcc7dc0000 - 0x00007ffcc7dd5000 	C:\windows\SYSTEM32\profapi.dll
0x00007ffcc5da0000 - 0x00007ffcc5e52000 	C:\windows\SYSTEM32\SHCORE.dll
0x00007ffcc8c60000 - 0x00007ffcc8c96000 	C:\windows\system32\IMM32.DLL
0x00007ffcc8eb0000 - 0x00007ffcc9002000 	C:\windows\system32\MSCTF.dll
0x00007ffcc4780000 - 0x00007ffcc49fb000 	C:\windows\WinSxS\amd64_microsoft.windows.common-controls_6595b64144ccf1df_6.0.9600.18006_none_623f33d3ecbe86e8\COMCTL32.dll
0x000000006c080000 - 0x000000006c152000 	C:\Program Files\Java\jdk1.8.0_51\jre\bin\msvcr100.dll
0x000000006c5e0000 - 0x000000006ce63000 	C:\Program Files\Java\jdk1.8.0_51\jre\bin\server\jvm.dll
0x00007ffcbfb40000 - 0x00007ffcbfb49000 	C:\windows\SYSTEM32\WSOCK32.dll
0x00007ffcbc150000 - 0x00007ffcbc172000 	C:\windows\SYSTEM32\WINMM.dll
0x00007ffcc0a60000 - 0x00007ffcc0a6a000 	C:\windows\SYSTEM32\VERSION.dll
0x00007ffccaa90000 - 0x00007ffccaa97000 	C:\windows\system32\PSAPI.DLL
0x00007ffccaaa0000 - 0x00007ffccaafa000 	C:\windows\system32\WS2_32.dll
0x00007ffcb8830000 - 0x00007ffcb885a000 	C:\windows\SYSTEM32\WINMMBASE.dll
0x00007ffcca5f0000 - 0x00007ffcca5f9000 	C:\windows\system32\NSI.dll
0x00007ffcc7e90000 - 0x00007ffcc7edf000 	C:\windows\SYSTEM32\cfgmgr32.dll
0x00007ffcc6bb0000 - 0x00007ffcc6bd8000 	C:\windows\SYSTEM32\DEVOBJ.dll
0x000000006c4f0000 - 0x000000006c4ff000 	C:\Program Files\Java\jdk1.8.0_51\jre\bin\verify.dll
0x000000006c4c0000 - 0x000000006c4e9000 	C:\Program Files\Java\jdk1.8.0_51\jre\bin\java.dll
0x000000006c4a0000 - 0x000000006c4b6000 	C:\Program Files\Java\jdk1.8.0_51\jre\bin\zip.dll
0x00007ffcc59f0000 - 0x00007ffcc5b79000 	C:\windows\SYSTEM32\dbghelp.dll

VM Arguments:
jvm_args: -Xmx1024M -Dfile.encoding=windows-1252 -Duser.country=MX -Duser.language=es -Duser.variant 
java_command: com.android.dx.command.Main --dex --num-threads=4 --output C:\Users\manuel\AndroidStudioProjects\DoctorPaciente\app\build\intermediates\pre-dexed\debug\classes-28a5d27851ee90e4c51832798c362e785603acc1.jar C:\Users\manuel\AndroidStudioProjects\DoctorPaciente\app\build\intermediates\exploded-aar\com.android.support\recyclerview-v7\23.1.1\jars\classes.jar
java_class_path (initial): C:\Users\manuel\AppData\Local\Android\sdk\build-tools\23.0.0\lib\dx.jar
Launcher Type: SUN_STANDARD

Environment Variables:
PATH=C:\ProgramData\Oracle\Java\javapath;C:\Program Files (x86)\Intel\iCLS Client\;C:\Program Files\Intel\iCLS Client\;C:\windows\system32;C:\windows;C:\windows\System32\Wbem;C:\windows\System32\WindowsPowerShell\v1.0\;C:\Program Files\Intel\Intel(R) Management Engine Components\DAL;C:\Program Files\Intel\Intel(R) Management Engine Components\IPT;C:\Program Files (x86)\Intel\Intel(R) Management Engine Components\DAL;C:\Program Files (x86)\Intel\Intel(R) Management Engine Components\IPT;C:\Program Files (x86)\Calibre2\;C:\Program Files (x86)\QuickTime\QTSystem\;C:\Program Files\MATLAB\R2015a\bin;C:\SQLite;C:\Program Files\Java\jdk1.8.0_51\bin
USERNAME=manuel
OS=Windows_NT
PROCESSOR_IDENTIFIER=Intel64 Family 6 Model 69 Stepping 1, GenuineIntel



---------------  S Y S T E M  ---------------

OS: Windows 8.1 , 64 bit Build 9600 (6.3.9600.17415)

CPU:total 4 (2 cores per cpu, 2 threads per core) family 6 model 69 stepping 1, cmov, cx8, fxsr, mmx, sse, sse2, sse3, ssse3, sse4.1, sse4.2, popcnt, avx, avx2, aes, clmul, erms, lzcnt, ht, tsc, tscinvbit, bmi1, bmi2

Memory: 4k page, physical 4071704k(533512k free), swap 7217432k(5048k free)

vm_info: Java HotSpot(TM) 64-Bit Server VM (25.51-b03) for windows-amd64 JRE (1.8.0_51-b16), built on Jun  8 2015 18:03:07 by "java_re" with MS VC++ 10.0 (VS2010)

time: Wed Dec 23 17:10:52 2015
elapsed time: 17 seconds (0d 0h 0m 17s)

