#
# There is insufficient memory for the Java Runtime Environment to continue.
# Native memory allocation (malloc) failed to allocate 131088 bytes for Chunk::new
# Possible reasons:
#   The system is out of physical RAM or swap space
#   In 32 bit mode, the process size limit was hit
# Possible solutions:
#   Reduce memory load on the system
#   Increase physical memory or swap space
#   Check if swap backing store is full
#   Use 64 bit Java on a 64 bit OS
#   Decrease Java heap size (-Xmx/-Xms)
#   Decrease number of Java threads
#   Decrease Java thread stack sizes (-Xss)
#   Set larger code cache with -XX:ReservedCodeCacheSize=
# This output file may be truncated or incomplete.
#
#  Out of Memory Error (allocation.cpp:390), pid=6876, tid=4316
#
# JRE version: Java(TM) SE Runtime Environment (8.0_51-b16) (build 1.8.0_51-b16)
# Java VM: Java HotSpot(TM) 64-Bit Server VM (25.51-b03 mixed mode windows-amd64 compressed oops)
# Failed to write core dump. Minidumps are not enabled by default on client versions of Windows
#

---------------  T H R E A D  ---------------

Current thread (0x0000000014965800):  JavaThread "C2 CompilerThread1" daemon [_thread_in_native, id=4316, stack(0x0000000015f60000,0x0000000016060000)]

Stack: [0x0000000015f60000,0x0000000016060000]
Native frames: (J=compiled Java code, j=interpreted, Vv=VM code, C=native code)
V  [jvm.dll+0x32b4ca]
V  [jvm.dll+0x2797e3]
V  [jvm.dll+0x27a479]
V  [jvm.dll+0x271765]
V  [jvm.dll+0xcba02]
V  [jvm.dll+0xcbecc]
V  [jvm.dll+0xcc224]
V  [jvm.dll+0x4ea2b0]
V  [jvm.dll+0x501600]
V  [jvm.dll+0x4d648c]
V  [jvm.dll+0x46a532]
V  [jvm.dll+0x46cde2]
V  [jvm.dll+0x4501a2]
V  [jvm.dll+0xa43a2]
V  [jvm.dll+0xa4cdf]
V  [jvm.dll+0x2418a4]
V  [jvm.dll+0x29846a]
C  [msvcr100.dll+0x21d9f]
C  [msvcr100.dll+0x21e3b]
C  [KERNEL32.DLL+0x13d2]
C  [ntdll.dll+0x15454]


Current CompileTask:
C2:   5918 1304       4       com.android.dx.ssa.LocalVariableExtractor::processBlock (383 bytes)


---------------  P R O C E S S  ---------------

Java Threads: ( => current thread )
  0x00000000162e7800 JavaThread "pool-1-thread-4" [_thread_blocked, id=5876, stack(0x0000000016b60000,0x0000000016c60000)]
  0x00000000162ce800 JavaThread "pool-1-thread-3" [_thread_blocked, id=6280, stack(0x0000000016a60000,0x0000000016b60000)]
  0x00000000162cd000 JavaThread "pool-1-thread-2" [_thread_in_Java, id=5380, stack(0x0000000016960000,0x0000000016a60000)]
  0x00000000162c9000 JavaThread "pool-2-thread-1" [_thread_blocked, id=5976, stack(0x0000000016860000,0x0000000016960000)]
  0x00000000162bd800 JavaThread "pool-1-thread-1" [_thread_blocked, id=5048, stack(0x0000000016760000,0x0000000016860000)]
  0x000000001616c800 JavaThread "Service Thread" daemon [_thread_blocked, id=1332, stack(0x0000000016560000,0x0000000016660000)]
  0x000000001496c000 JavaThread "C1 CompilerThread2" daemon [_thread_in_native, id=3752, stack(0x0000000016060000,0x0000000016160000)]
=>0x0000000014965800 JavaThread "C2 CompilerThread1" daemon [_thread_in_native, id=4316, stack(0x0000000015f60000,0x0000000016060000)]
  0x0000000014918000 JavaThread "C2 CompilerThread0" daemon [_thread_in_native, id=6648, stack(0x0000000015e60000,0x0000000015f60000)]
  0x0000000014916800 JavaThread "Attach Listener" daemon [_thread_blocked, id=2840, stack(0x0000000015d60000,0x0000000015e60000)]
  0x0000000014915000 JavaThread "Signal Dispatcher" daemon [_thread_blocked, id=2224, stack(0x0000000015c60000,0x0000000015d60000)]
  0x0000000002236000 JavaThread "Finalizer" daemon [_thread_blocked, id=7104, stack(0x0000000015b60000,0x0000000015c60000)]
  0x000000000222d000 JavaThread "Reference Handler" daemon [_thread_blocked, id=2244, stack(0x0000000015a60000,0x0000000015b60000)]
  0x0000000002140800 JavaThread "main" [_thread_blocked, id=5880, stack(0x0000000001fb0000,0x00000000020b0000)]

Other Threads:
  0x00000000148d7800 VMThread [stack: 0x0000000015960000,0x0000000015a60000] [id=3788]
  0x0000000016163800 WatcherThread [stack: 0x0000000016660000,0x0000000016760000] [id=5584]

VM state:not at safepoint (normal execution)

VM Mutex/Monitor currently owned by a thread: None

Heap:
 PSYoungGen      total 35328K, used 5276K [0x00000000eab00000, 0x00000000ed000000, 0x0000000100000000)
  eden space 32768K, 8% used [0x00000000eab00000,0x00000000eadaf2d0,0x00000000ecb00000)
  from space 2560K, 98% used [0x00000000ecd80000,0x00000000ecff8018,0x00000000ed000000)
  to   space 2560K, 0% used [0x00000000ecb00000,0x00000000ecb00000,0x00000000ecd80000)
 ParOldGen       total 44032K, used 3981K [0x00000000c0000000, 0x00000000c2b00000, 0x00000000eab00000)
  object space 44032K, 9% used [0x00000000c0000000,0x00000000c03e3530,0x00000000c2b00000)
 Metaspace       used 5905K, capacity 6960K, committed 7040K, reserved 1056768K
  class space    used 582K, capacity 616K, committed 640K, reserved 1048576K

Card table byte_map: [0x0000000011600000,0x0000000011810000] byte_map_base: 0x0000000011000000

Marking Bits: (ParMarkBitMap*) 0x000000006cde4040
 Begin Bits: [0x0000000011d70000, 0x0000000012d70000)
 End Bits:   [0x0000000012d70000, 0x0000000013d70000)

Polling page: 0x00000000006e0000

CodeCache: size=245760Kb used=5428Kb max_used=5428Kb free=240331Kb
 bounds [0x0000000002240000, 0x00000000027a0000, 0x0000000011240000]
 total_blobs=1599 nmethods=1330 adapters=182
 compilation: enabled

Compilation events (10 events):
Event: 5.513 Thread 0x000000001496c000 1317       1       com.android.dx.cf.attrib.InnerClassList$Item::getInnerClass (5 bytes)
Event: 5.513 Thread 0x000000001496c000 nmethod 1317 0x000000000275ba50 code [0x000000000275bba0, 0x000000000275bcb0]
Event: 5.515 Thread 0x000000001496c000 1318       3       com.android.dx.ssa.NormalSsaInsn::canThrow (8 bytes)
Event: 5.516 Thread 0x000000001496c000 nmethod 1318 0x0000000002754f90 code [0x0000000002755120, 0x0000000002755568]
Event: 5.517 Thread 0x000000001496c000 1320   !   3       com.android.dx.cf.code.OneLocalsArray::set (106 bytes)
Event: 5.519 Thread 0x000000001496c000 nmethod 1320 0x0000000002772b90 code [0x0000000002772de0, 0x0000000002773c18]
Event: 5.519 Thread 0x000000001496c000 1321   !   3       com.android.dx.cf.code.Ropper::doit (126 bytes)
Event: 5.522 Thread 0x000000001496c000 nmethod 1321 0x0000000002774290 code [0x0000000002774580, 0x00000000027759d8]
Event: 5.523 Thread 0x000000001496c000 1322       1       com.android.dx.rop.cst.CstInteger::getType (4 bytes)
Event: 5.524 Thread 0x000000001496c000 nmethod 1322 0x0000000002754cd0 code [0x0000000002754e20, 0x0000000002754f30]

GC Heap History (4 events):
Event: 3.377 GC heap before
{Heap before GC invocations=1 (full 0):
 PSYoungGen      total 18944K, used 16384K [0x00000000eab00000, 0x00000000ec000000, 0x0000000100000000)
  eden space 16384K, 100% used [0x00000000eab00000,0x00000000ebb00000,0x00000000ebb00000)
  from space 2560K, 0% used [0x00000000ebd80000,0x00000000ebd80000,0x00000000ec000000)
  to   space 2560K, 0% used [0x00000000ebb00000,0x00000000ebb00000,0x00000000ebd80000)
 ParOldGen       total 44032K, used 0K [0x00000000c0000000, 0x00000000c2b00000, 0x00000000eab00000)
  object space 44032K, 0% used [0x00000000c0000000,0x00000000c0000000,0x00000000c2b00000)
 Metaspace       used 5605K, capacity 6704K, committed 6784K, reserved 1056768K
  class space    used 578K, capacity 616K, committed 640K, reserved 1048576K
Event: 3.483 GC heap after
Heap after GC invocations=1 (full 0):
 PSYoungGen      total 18944K, used 2551K [0x00000000eab00000, 0x00000000ed000000, 0x0000000100000000)
  eden space 16384K, 0% used [0x00000000eab00000,0x00000000eab00000,0x00000000ebb00000)
  from space 2560K, 99% used [0x00000000ebb00000,0x00000000ebd7dc78,0x00000000ebd80000)
  to   space 2560K, 0% used [0x00000000ecd80000,0x00000000ecd80000,0x00000000ed000000)
 ParOldGen       total 44032K, used 1723K [0x00000000c0000000, 0x00000000c2b00000, 0x00000000eab00000)
  object space 44032K, 3% used [0x00000000c0000000,0x00000000c01aee78,0x00000000c2b00000)
 Metaspace       used 5605K, capacity 6704K, committed 6784K, reserved 1056768K
  class space    used 578K, capacity 616K, committed 640K, reserved 1048576K
}
Event: 5.526 GC heap before
{Heap before GC invocations=2 (full 0):
 PSYoungGen      total 18944K, used 18935K [0x00000000eab00000, 0x00000000ed000000, 0x0000000100000000)
  eden space 16384K, 100% used [0x00000000eab00000,0x00000000ebb00000,0x00000000ebb00000)
  from space 2560K, 99% used [0x00000000ebb00000,0x00000000ebd7dc78,0x00000000ebd80000)
  to   space 2560K, 0% used [0x00000000ecd80000,0x00000000ecd80000,0x00000000ed000000)
 ParOldGen       total 44032K, used 1723K [0x00000000c0000000, 0x00000000c2b00000, 0x00000000eab00000)
  object space 44032K, 3% used [0x00000000c0000000,0x00000000c01aee78,0x00000000c2b00000)
 Metaspace       used 5882K, capacity 6960K, committed 7040K, reserved 1056768K
  class space    used 582K, capacity 616K, committed 640K, reserved 1048576K
Event: 5.863 GC heap after
Heap after GC invocations=2 (full 0):
 PSYoungGen      total 35328K, used 2528K [0x00000000eab00000, 0x00000000ed000000, 0x0000000100000000)
  eden space 32768K, 0% used [0x00000000eab00000,0x00000000eab00000,0x00000000ecb00000)
  from space 2560K, 98% used [0x00000000ecd80000,0x00000000ecff8018,0x00000000ed000000)
  to   space 2560K, 0% used [0x00000000ecb00000,0x00000000ecb00000,0x00000000ecd80000)
 ParOldGen       total 44032K, used 3981K [0x00000000c0000000, 0x00000000c2b00000, 0x00000000eab00000)
  object space 44032K, 9% used [0x00000000c0000000,0x00000000c03e3530,0x00000000c2b00000)
 Metaspace       used 5882K, capacity 6960K, committed 7040K, reserved 1056768K
  class space    used 582K, capacity 616K, committed 640K, reserved 1048576K
}

Deoptimization events (4 events):
Event: 2.353 Thread 0x00000000162cd000 Uncommon trap: reason=unstable_if action=reinterpret pc=0x0000000002443240 method=java.util.HashMap.getNode(ILjava/lang/Object;)Ljava/util/HashMap$Node; @ 62
Event: 2.484 Thread 0x00000000162cd000 Uncommon trap: reason=unstable_if action=reinterpret pc=0x00000000024aa430 method=java.util.BitSet.ensureCapacity(I)V @ 6
Event: 2.879 Thread 0x00000000162e7800 Uncommon trap: reason=null_check action=make_not_entrant pc=0x00000000024df4b0 method=com.android.dx.ssa.SsaRenamer.getLocalForNewReg(I)Lcom/android/dx/rop/code/LocalItem; @ 19
Event: 3.172 Thread 0x00000000162cd000 Uncommon trap: reason=unstable_if action=reinterpret pc=0x000000000248e934 method=java.util.BitSet.ensureCapacity(I)V @ 6

Internal exceptions (3 events):
Event: 0.155 Thread 0x0000000002140800 Exception <a 'java/lang/NoSuchMethodError': Method sun.misc.Unsafe.defineClass(Ljava/lang/String;[BII)Ljava/lang/Class; name or signature does not match> (0x00000000eab0d400) thrown at [C:\re\workspace\8-2-build-windows-amd64-cygwin\jdk8u51\3951\hotspot\srÕ»KÄ£“√?
Event: 0.155 Thread 0x0000000002140800 Exception <a 'java/lang/NoSuchMethodError': Method sun.misc.Unsafe.prefetchRead(Ljava/lang/Object;J)V name or signature does not match> (0x00000000eab0d690) thrown at [C:\re\workspace\8-2-build-windows-amd64-cygwin\jdk8u51\3951\hotspot\src\share\vm\prims\j≥J˘çF@
Event: 2.879 Thread 0x00000000162e7800 Implicit null exception at 0x00000000024dcd6d to 0x00000000024df465

Events (10 events):
Event: 3.731 loading class com/android/dx/cf/code/BytecodeArray$ConstantParserVisitor
Event: 3.731 loading class com/android/dx/cf/code/BytecodeArray$ConstantParserVisitor done
Event: 3.949 loading class com/android/dx/cf/code/SwitchList
Event: 3.949 loading class com/android/dx/cf/code/SwitchList done
Event: 4.467 Executing VM operation: EnableBiasedLocking
Event: 4.523 Executing VM operation: EnableBiasedLocking done
Event: 4.530 Thread 0x0000000002140800 DEOPT PACKING pc=0x000000000259dad3 sp=0x00000000020ae0e0
Event: 4.530 Thread 0x0000000002140800 DEOPT UNPACKING pc=0x000000000228787f sp=0x00000000020adea8 mode 0
Event: 5.526 Executing VM operation: ParallelGCFailedAllocation
Event: 5.863 Executing VM operation: ParallelGCFailedAllocation done


Dynamic libraries:
0x00007ff663fe0000 - 0x00007ff664017000 	C:\Program Files\Java\jdk1.8.0_51\bin\java.exe
0x00007ffccac70000 - 0x00007ffccae1c000 	C:\windows\SYSTEM32\ntdll.dll
0x00007ffcc8ca0000 - 0x00007ffcc8dde000 	C:\windows\system32\KERNEL32.DLL
0x00007ffcc7ff0000 - 0x00007ffcc8105000 	C:\windows\system32\KERNELBASE.dll
0x00007ffcc67b0000 - 0x00007ffcc683e000 	C:\windows\system32\apphelp.dll
0x00007ffcc2a00000 - 0x00007ffcc2a53000 	C:\windows\AppPatch\AppPatch64\AcGenral.DLL
0x00007ffccab00000 - 0x00007ffccabaa000 	C:\windows\system32\msvcrt.dll
0x00007ffcc7b90000 - 0x00007ffcc7bbe000 	C:\windows\SYSTEM32\SspiCli.dll
0x00007ffcc8750000 - 0x00007ffcc87a4000 	C:\windows\system32\SHLWAPI.dll
0x00007ffcca600000 - 0x00007ffcca777000 	C:\windows\system32\USER32.dll
0x00007ffcca8d0000 - 0x00007ffccaa64000 	C:\windows\system32\ole32.dll
0x00007ffcc90c0000 - 0x00007ffcca5eb000 	C:\windows\system32\SHELL32.dll
0x00007ffcc7360000 - 0x00007ffcc7381000 	C:\windows\SYSTEM32\USERENV.dll
0x00007ffcc9010000 - 0x00007ffcc90ba000 	C:\windows\system32\ADVAPI32.dll
0x00007ffcc3860000 - 0x00007ffcc387e000 	C:\windows\SYSTEM32\MPR.dll
0x00007ffcc8b00000 - 0x00007ffcc8c41000 	C:\windows\system32\RPCRT4.dll
0x00007ffcc82f0000 - 0x00007ffcc8349000 	C:\windows\SYSTEM32\sechost.dll
0x00007ffcc8530000 - 0x00007ffcc8741000 	C:\windows\SYSTEM32\combase.dll
0x00007ffcca780000 - 0x00007ffcca8cf000 	C:\windows\system32\GDI32.dll
0x00007ffcc7dc0000 - 0x00007ffcc7dd5000 	C:\windows\SYSTEM32\profapi.dll
0x00007ffcc5da0000 - 0x00007ffcc5e52000 	C:\windows\SYSTEM32\SHCORE.dll
0x00007ffcc8c60000 - 0x00007ffcc8c96000 	C:\windows\system32\IMM32.DLL
0x00007ffcc8eb0000 - 0x00007ffcc9002000 	C:\windows\system32\MSCTF.dll
0x00007ffcc4780000 - 0x00007ffcc49fb000 	C:\windows\WinSxS\amd64_microsoft.windows.common-controls_6595b64144ccf1df_6.0.9600.18006_none_623f33d3ecbe86e8\COMCTL32.dll
0x000000006c080000 - 0x000000006c152000 	C:\Program Files\Java\jdk1.8.0_51\jre\bin\msvcr100.dll
0x000000006c5e0000 - 0x000000006ce63000 	C:\Program Files\Java\jdk1.8.0_51\jre\bin\server\jvm.dll
0x00007ffcbfb40000 - 0x00007ffcbfb49000 	C:\windows\SYSTEM32\WSOCK32.dll
0x00007ffcbc150000 - 0x00007ffcbc172000 	C:\windows\SYSTEM32\WINMM.dll
0x00007ffcc0a60000 - 0x00007ffcc0a6a000 	C:\windows\SYSTEM32\VERSION.dll
0x00007ffccaa90000 - 0x00007ffccaa97000 	C:\windows\system32\PSAPI.DLL
0x00007ffccaaa0000 - 0x00007ffccaafa000 	C:\windows\system32\WS2_32.dll
0x00007ffcb8830000 - 0x00007ffcb885a000 	C:\windows\SYSTEM32\WINMMBASE.dll
0x00007ffcca5f0000 - 0x00007ffcca5f9000 	C:\windows\system32\NSI.dll
0x00007ffcc7e90000 - 0x00007ffcc7edf000 	C:\windows\SYSTEM32\cfgmgr32.dll
0x00007ffcc6bb0000 - 0x00007ffcc6bd8000 	C:\windows\SYSTEM32\DEVOBJ.dll
0x000000006c4f0000 - 0x000000006c4ff000 	C:\Program Files\Java\jdk1.8.0_51\jre\bin\verify.dll
0x000000006c4c0000 - 0x000000006c4e9000 	C:\Program Files\Java\jdk1.8.0_51\jre\bin\java.dll
0x000000006c4a0000 - 0x000000006c4b6000 	C:\Program Files\Java\jdk1.8.0_51\jre\bin\zip.dll
0x00007ffcc59f0000 - 0x00007ffcc5b79000 	C:\windows\SYSTEM32\dbghelp.dll

VM Arguments:
jvm_args: -Xmx1024M -Dfile.encoding=windows-1252 -Duser.country=MX -Duser.language=es -Duser.variant 
java_command: com.android.dx.command.Main --dex --num-threads=4 --output C:\Users\manuel\AndroidStudioProjects\DoctorPaciente\app\build\intermediates\pre-dexed\debug\retrofit-1.8.0-a8eebd2230d104b4f25ac977cbda414674f79e22.jar C:\Users\manuel\.gradle\caches\modules-2\files-2.1\com.squareup.retrofit\retrofit\1.8.0\a517f29ed06be2b2879524fcd94b6e9b36e2e0b5\retrofit-1.8.0.jar
java_class_path (initial): C:\Users\manuel\AppData\Local\Android\sdk\build-tools\23.0.0\lib\dx.jar
Launcher Type: SUN_STANDARD

Environment Variables:
PATH=C:\ProgramData\Oracle\Java\javapath;C:\Program Files (x86)\Intel\iCLS Client\;C:\Program Files\Intel\iCLS Client\;C:\windows\system32;C:\windows;C:\windows\System32\Wbem;C:\windows\System32\WindowsPowerShell\v1.0\;C:\Program Files\Intel\Intel(R) Management Engine Components\DAL;C:\Program Files\Intel\Intel(R) Management Engine Components\IPT;C:\Program Files (x86)\Intel\Intel(R) Management Engine Components\DAL;C:\Program Files (x86)\Intel\Intel(R) Management Engine Components\IPT;C:\Program Files (x86)\Calibre2\;C:\Program Files (x86)\QuickTime\QTSystem\;C:\Program Files\MATLAB\R2015a\bin;C:\SQLite;C:\Program Files\Java\jdk1.8.0_51\bin
USERNAME=manuel
OS=Windows_NT
PROCESSOR_IDENTIFIER=Intel64 Family 6 Model 69 Stepping 1, GenuineIntel



---------------  S Y S T E M  ---------------

OS: Windows 8.1 , 64 bit Build 9600 (6.3.9600.17415)

CPU:total 4 (2 cores per cpu, 2 threads per core) family 6 model 69 stepping 1, cmov, cx8, fxsr, mmx, sse, sse2, sse3, ssse3, sse4.1, sse4.2, popcnt, avx, avx2, aes, clmul, erms, lzcnt, ht, tsc, tscinvbit, bmi1, bmi2

Memory: 4k page, physical 4071704k(173652k free), swap 7217432k(5100k free)

vm_info: Java HotSpot(TM) 64-Bit Server VM (25.51-b03) for windows-amd64 JRE (1.8.0_51-b16), built on Jun  8 2015 18:03:07 by "java_re" with MS VC++ 10.0 (VS2010)

time: Wed Dec 23 17:10:27 2015
elapsed time: 5 seconds (0d 0h 0m 5s)

