#
# There is insufficient memory for the Java Runtime Environment to continue.
# Native memory allocation (malloc) failed to allocate 1397616 bytes for Chunk::new
# Possible reasons:
#   The system is out of physical RAM or swap space
#   In 32 bit mode, the process size limit was hit
# Possible solutions:
#   Reduce memory load on the system
#   Increase physical memory or swap space
#   Check if swap backing store is full
#   Use 64 bit Java on a 64 bit OS
#   Decrease Java heap size (-Xmx/-Xms)
#   Decrease number of Java threads
#   Decrease Java thread stack sizes (-Xss)
#   Set larger code cache with -XX:ReservedCodeCacheSize=
# This output file may be truncated or incomplete.
#
#  Out of Memory Error (allocation.cpp:390), pid=6660, tid=4008
#
# JRE version: Java(TM) SE Runtime Environment (8.0_51-b16) (build 1.8.0_51-b16)
# Java VM: Java HotSpot(TM) 64-Bit Server VM (25.51-b03 mixed mode windows-amd64 compressed oops)
# Failed to write core dump. Minidumps are not enabled by default on client versions of Windows
#

---------------  T H R E A D  ---------------

Current thread (0x000000001488b000):  JavaThread "C2 CompilerThread1" daemon [_thread_in_native, id=4008, stack(0x0000000015ee0000,0x0000000015fe0000)]

Stack: [0x0000000015ee0000,0x0000000015fe0000]
Native frames: (J=compiled Java code, j=interpreted, Vv=VM code, C=native code)
V  [jvm.dll+0x32b4ca]
V  [jvm.dll+0x2797e3]
V  [jvm.dll+0x27a479]
V  [jvm.dll+0x271765]
V  [jvm.dll+0xcba02]
V  [jvm.dll+0xcbecc]
V  [jvm.dll+0x476f72]
V  [jvm.dll+0x4b95ff]
V  [jvm.dll+0x46b745]
V  [jvm.dll+0x46cd4e]
V  [jvm.dll+0x4501a2]
V  [jvm.dll+0xa43a2]
V  [jvm.dll+0xa4cdf]
V  [jvm.dll+0x2418a4]
V  [jvm.dll+0x29846a]
C  [msvcr100.dll+0x21d9f]
C  [msvcr100.dll+0x21e3b]
C  [KERNEL32.DLL+0x13d2]
C  [ntdll.dll+0x15454]


Current CompileTask:
C2:  13676 1655   !   4       com.android.dx.cf.code.Ropper::processBlock (1101 bytes)


---------------  P R O C E S S  ---------------

Java Threads: ( => current thread )
  0x0000000016345800 JavaThread "pool-1-thread-4" [_thread_in_vm, id=5028, stack(0x0000000016ae0000,0x0000000016be0000)]
  0x0000000016342800 JavaThread "pool-1-thread-3" [_thread_in_Java, id=268, stack(0x00000000169e0000,0x0000000016ae0000)]
  0x0000000016340000 JavaThread "pool-1-thread-2" [_thread_in_Java, id=4940, stack(0x00000000168e0000,0x00000000169e0000)]
  0x0000000016330800 JavaThread "pool-2-thread-1" [_thread_blocked, id=388, stack(0x00000000167e0000,0x00000000168e0000)]
  0x0000000016330000 JavaThread "pool-1-thread-1" [_thread_in_Java, id=5576, stack(0x00000000166e0000,0x00000000167e0000)]
  0x00000000160e0800 JavaThread "Service Thread" daemon [_thread_blocked, id=4472, stack(0x00000000164e0000,0x00000000165e0000)]
  0x0000000014883000 JavaThread "C1 CompilerThread2" daemon [_thread_blocked, id=7092, stack(0x0000000015fe0000,0x00000000160e0000)]
=>0x000000001488b000 JavaThread "C2 CompilerThread1" daemon [_thread_in_native, id=4008, stack(0x0000000015ee0000,0x0000000015fe0000)]
  0x0000000014887800 JavaThread "C2 CompilerThread0" daemon [_thread_in_native, id=5024, stack(0x0000000015de0000,0x0000000015ee0000)]
  0x0000000014886000 JavaThread "Attach Listener" daemon [_thread_blocked, id=5876, stack(0x0000000015ce0000,0x0000000015de0000)]
  0x0000000014885000 JavaThread "Signal Dispatcher" daemon [_thread_blocked, id=6280, stack(0x0000000015be0000,0x0000000015ce0000)]
  0x00000000021a0000 JavaThread "Finalizer" daemon [_thread_blocked, id=5380, stack(0x0000000015ae0000,0x0000000015be0000)]
  0x000000000219d000 JavaThread "Reference Handler" daemon [_thread_blocked, id=5976, stack(0x00000000159e0000,0x0000000015ae0000)]
  0x00000000020b0800 JavaThread "main" [_thread_in_Java, id=6344, stack(0x0000000001ed0000,0x0000000001fd0000)]

Other Threads:
  0x0000000014847800 VMThread [stack: 0x00000000158e0000,0x00000000159e0000] [id=5048]
  0x00000000160e1000 WatcherThread [stack: 0x00000000165e0000,0x00000000166e0000] [id=7072]

VM state:not at safepoint (normal execution)

VM Mutex/Monitor currently owned by a thread: None

Heap:
 PSYoungGen      total 35328K, used 19702K [0x00000000eab00000, 0x00000000ef000000, 0x0000000100000000)
  eden space 32768K, 52% used [0x00000000eab00000,0x00000000ebbc1838,0x00000000ecb00000)
  from space 2560K, 99% used [0x00000000ecb00000,0x00000000ecd7c028,0x00000000ecd80000)
  to   space 2560K, 0% used [0x00000000eed80000,0x00000000eed80000,0x00000000ef000000)
 ParOldGen       total 44032K, used 9295K [0x00000000c0000000, 0x00000000c2b00000, 0x00000000eab00000)
  object space 44032K, 21% used [0x00000000c0000000,0x00000000c0913ec8,0x00000000c2b00000)
 Metaspace       used 6094K, capacity 7088K, committed 7296K, reserved 1056768K
  class space    used 585K, capacity 616K, committed 640K, reserved 1048576K

Card table byte_map: [0x0000000011570000,0x0000000011780000] byte_map_base: 0x0000000010f70000

Marking Bits: (ParMarkBitMap*) 0x000000006cde4040
 Begin Bits: [0x0000000011ce0000, 0x0000000012ce0000)
 End Bits:   [0x0000000012ce0000, 0x0000000013ce0000)

Polling page: 0x0000000000640000

CodeCache: size=245760Kb used=7314Kb max_used=7314Kb free=238445Kb
 bounds [0x00000000021b0000, 0x00000000028e0000, 0x00000000111b0000]
 total_blobs=1982 nmethods=1712 adapters=182
 compilation: enabled

Compilation events (10 events):
Event: 12.804 Thread 0x0000000014883000 1668       3       com.android.dx.cf.code.BasicBlocker::visitBranch (98 bytes)
Event: 13.564 Thread 0x0000000014883000 nmethod 1668 0x00000000028ad610 code [0x00000000028ad900, 0x00000000028aee98]
Event: 13.564 Thread 0x0000000014883000 1670       3       com.android.dx.cf.code.ExecutionStack::makeInitialized (51 bytes)
Event: 13.565 Thread 0x0000000014883000 nmethod 1670 0x00000000028b0350 code [0x00000000028b0500, 0x00000000028b0b98]
Event: 13.565 Thread 0x0000000014883000 1671       3       com.android.dx.cf.code.Simulator$SimVisitor::visitBranch (341 bytes)
Event: 13.567 Thread 0x0000000014883000 nmethod 1671 0x00000000028b0e90 code [0x00000000028b1120, 0x00000000028b2208]
Event: 13.567 Thread 0x0000000014883000 1672       3       com.android.dx.cf.code.BaseMachine::auxTargetArg (6 bytes)
Event: 13.567 Thread 0x0000000014883000 nmethod 1672 0x00000000028b2b10 code [0x00000000028b2c60, 0x00000000028b2db0]
Event: 13.567 Thread 0x0000000014883000 1669       3       com.android.dx.cf.code.Frame::makeInitialized (17 bytes)
Event: 13.567 Thread 0x0000000014883000 nmethod 1669 0x00000000028b2e50 code [0x00000000028b2fc0, 0x00000000028b32b8]

GC Heap History (6 events):
Event: 4.486 GC heap before
{Heap before GC invocations=1 (full 0):
 PSYoungGen      total 18944K, used 16384K [0x00000000eab00000, 0x00000000ec000000, 0x0000000100000000)
  eden space 16384K, 100% used [0x00000000eab00000,0x00000000ebb00000,0x00000000ebb00000)
  from space 2560K, 0% used [0x00000000ebd80000,0x00000000ebd80000,0x00000000ec000000)
  to   space 2560K, 0% used [0x00000000ebb00000,0x00000000ebb00000,0x00000000ebd80000)
 ParOldGen       total 44032K, used 0K [0x00000000c0000000, 0x00000000c2b00000, 0x00000000eab00000)
  object space 44032K, 0% used [0x00000000c0000000,0x00000000c0000000,0x00000000c2b00000)
 Metaspace       used 5604K, capacity 6704K, committed 6784K, reserved 1056768K
  class space    used 582K, capacity 616K, committed 640K, reserved 1048576K
Event: 5.264 GC heap after
Heap after GC invocations=1 (full 0):
 PSYoungGen      total 18944K, used 2535K [0x00000000eab00000, 0x00000000ed000000, 0x0000000100000000)
  eden space 16384K, 0% used [0x00000000eab00000,0x00000000eab00000,0x00000000ebb00000)
  from space 2560K, 99% used [0x00000000ebb00000,0x00000000ebd79c68,0x00000000ebd80000)
  to   space 2560K, 0% used [0x00000000ecd80000,0x00000000ecd80000,0x00000000ed000000)
 ParOldGen       total 44032K, used 1770K [0x00000000c0000000, 0x00000000c2b00000, 0x00000000eab00000)
  object space 44032K, 4% used [0x00000000c0000000,0x00000000c01ba830,0x00000000c2b00000)
 Metaspace       used 5604K, capacity 6704K, committed 6784K, reserved 1056768K
  class space    used 582K, capacity 616K, committed 640K, reserved 1048576K
}
Event: 6.482 GC heap before
{Heap before GC invocations=2 (full 0):
 PSYoungGen      total 18944K, used 18919K [0x00000000eab00000, 0x00000000ed000000, 0x0000000100000000)
  eden space 16384K, 100% used [0x00000000eab00000,0x00000000ebb00000,0x00000000ebb00000)
  from space 2560K, 99% used [0x00000000ebb00000,0x00000000ebd79c68,0x00000000ebd80000)
  to   space 2560K, 0% used [0x00000000ecd80000,0x00000000ecd80000,0x00000000ed000000)
 ParOldGen       total 44032K, used 1770K [0x00000000c0000000, 0x00000000c2b00000, 0x00000000eab00000)
  object space 44032K, 4% used [0x00000000c0000000,0x00000000c01ba830,0x00000000c2b00000)
 Metaspace       used 5906K, capacity 6960K, committed 7040K, reserved 1056768K
  class space    used 584K, capacity 616K, committed 640K, reserved 1048576K
Event: 8.713 GC heap after
Heap after GC invocations=2 (full 0):
 PSYoungGen      total 35328K, used 2554K [0x00000000eab00000, 0x00000000ed000000, 0x0000000100000000)
  eden space 32768K, 0% used [0x00000000eab00000,0x00000000eab00000,0x00000000ecb00000)
  from space 2560K, 99% used [0x00000000ecd80000,0x00000000ecffeaa8,0x00000000ed000000)
  to   space 2560K, 0% used [0x00000000ecb00000,0x00000000ecb00000,0x00000000ecd80000)
 ParOldGen       total 44032K, used 3948K [0x00000000c0000000, 0x00000000c2b00000, 0x00000000eab00000)
  object space 44032K, 8% used [0x00000000c0000000,0x00000000c03db028,0x00000000c2b00000)
 Metaspace       used 5906K, capacity 6960K, committed 7040K, reserved 1056768K
  class space    used 584K, capacity 616K, committed 640K, reserved 1048576K
}
Event: 12.842 GC heap before
{Heap before GC invocations=3 (full 0):
 PSYoungGen      total 35328K, used 35322K [0x00000000eab00000, 0x00000000ed000000, 0x0000000100000000)
  eden space 32768K, 100% used [0x00000000eab00000,0x00000000ecb00000,0x00000000ecb00000)
  from space 2560K, 99% used [0x00000000ecd80000,0x00000000ecffeaa8,0x00000000ed000000)
  to   space 2560K, 0% used [0x00000000ecb00000,0x00000000ecb00000,0x00000000ecd80000)
 ParOldGen       total 44032K, used 3948K [0x00000000c0000000, 0x00000000c2b00000, 0x00000000eab00000)
  object space 44032K, 8% used [0x00000000c0000000,0x00000000c03db028,0x00000000c2b00000)
 Metaspace       used 6067K, capacity 7088K, committed 7296K, reserved 1056768K
  class space    used 584K, capacity 616K, committed 640K, reserved 1048576K
Event: 13.521 GC heap after
Heap after GC invocations=3 (full 0):
 PSYoungGen      total 35328K, used 2544K [0x00000000eab00000, 0x00000000ef000000, 0x0000000100000000)
  eden space 32768K, 0% used [0x00000000eab00000,0x00000000eab00000,0x00000000ecb00000)
  from space 2560K, 99% used [0x00000000ecb00000,0x00000000ecd7c028,0x00000000ecd80000)
  to   space 2560K, 0% used [0x00000000eed80000,0x00000000eed80000,0x00000000ef000000)
 ParOldGen       total 44032K, used 9295K [0x00000000c0000000, 0x00000000c2b00000, 0x00000000eab00000)
  object space 44032K, 21% used [0x00000000c0000000,0x00000000c0913ec8,0x00000000c2b00000)
 Metaspace       used 6067K, capacity 7088K, committed 7296K, reserved 1056768K
  class space    used 584K, capacity 616K, committed 640K, reserved 1048576K
}

Deoptimization events (10 events):
Event: 3.614 Thread 0x0000000016340000 Uncommon trap: reason=unstable_if action=reinterpret pc=0x00000000023c7860 method=java.util.HashMap.getNode(ILjava/lang/Object;)Ljava/util/HashMap$Node; @ 129
Event: 4.208 Thread 0x0000000016342800 Uncommon trap: reason=class_check action=maybe_recompile pc=0x0000000002461230 method=com.android.dx.ssa.NormalSsaInsn.accept(Lcom/android/dx/ssa/SsaInsn$Visitor;)V @ 9
Event: 4.208 Thread 0x0000000016342800 Uncommon trap: reason=class_check action=maybe_recompile pc=0x0000000002425370 method=com.android.dx.ssa.NormalSsaInsn.accept(Lcom/android/dx/ssa/SsaInsn$Visitor;)V @ 9
Event: 4.208 Thread 0x0000000016342800 Uncommon trap: reason=class_check action=maybe_recompile pc=0x0000000002461230 method=com.android.dx.ssa.NormalSsaInsn.accept(Lcom/android/dx/ssa/SsaInsn$Visitor;)V @ 9
Event: 4.208 Thread 0x0000000016342800 Uncommon trap: reason=class_check action=maybe_recompile pc=0x0000000002425370 method=com.android.dx.ssa.NormalSsaInsn.accept(Lcom/android/dx/ssa/SsaInsn$Visitor;)V @ 9
Event: 4.208 Thread 0x0000000016342800 Uncommon trap: reason=class_check action=maybe_recompile pc=0x0000000002461230 method=com.android.dx.ssa.NormalSsaInsn.accept(Lcom/android/dx/ssa/SsaInsn$Visitor;)V @ 9
Event: 6.000 Thread 0x0000000016330000 Uncommon trap: reason=null_check action=make_not_entrant pc=0x0000000002583110 method=com.android.dx.ssa.SsaRenamer.getLocalForNewReg(I)Lcom/android/dx/rop/code/LocalItem; @ 19
Event: 6.000 Thread 0x0000000016330000 Uncommon trap: reason=null_check action=make_not_entrant pc=0x000000000254f328 method=com.android.dx.ssa.SsaRenamer.getLocalForNewReg(I)Lcom/android/dx/rop/code/LocalItem; @ 19
Event: 6.105 Thread 0x00000000020b0800 Uncommon trap: reason=unstable_if action=reinterpret pc=0x0000000002515544 method=com.android.dx.rop.code.RegisterSpecSet.<init>(I)V @ 2
Event: 12.612 Thread 0x0000000016340000 Uncommon trap: reason=class_check action=maybe_recompile pc=0x00000000027338e8 method=com.android.dx.rop.code.RegisterSpec.withSimpleType()Lcom/android/dx/rop/code/RegisterSpec; @ 21

Internal exceptions (4 events):
Event: 1.607 Thread 0x00000000020b0800 Exception <a 'java/lang/NoSuchMethodError': Method sun.misc.Unsafe.defineClass(Ljava/lang/String;[BII)Ljava/lang/Class; name or signature does not match> (0x00000000eab0d428) thrown at [C:\re\workspace\8-2-build-windows-amd64-cygwin\jdk8u51\3951\hotspot\sr³²ÝËÍ¶ù?
Event: 1.607 Thread 0x00000000020b0800 Exception <a 'java/lang/NoSuchMethodError': Method sun.misc.Unsafe.prefetchRead(Ljava/lang/Object;J)V name or signature does not match> (0x00000000eab0d6b8) thrown at [C:\re\workspace\8-2-build-windows-amd64-cygwin\jdk8u51\3951\hotspot\src\share\vm\prims\jJ7QX=
Event: 6.000 Thread 0x0000000016330000 Implicit null exception at 0x00000000025818ef to 0x00000000025830c9
Event: 6.000 Thread 0x0000000016330000 Implicit null exception at 0x000000000254de2c to 0x000000000254f2f5

Events (10 events):
Event: 8.713 Executing VM operation: ParallelGCFailedAllocation done
Event: 11.061 Thread 0x00000000020b0800 DEOPT PACKING pc=0x00000000025ce9f5 sp=0x0000000001fce400
Event: 11.061 Thread 0x00000000020b0800 DEOPT UNPACKING pc=0x00000000021f787f sp=0x0000000001fce0e0 mode 0
Event: 12.612 Thread 0x0000000016340000 Uncommon trap: trap_request=0xffffffde fr.pc=0x00000000027338e8
Event: 12.612 Thread 0x0000000016340000 DEOPT PACKING pc=0x00000000027338e8 sp=0x00000000169de750
Event: 12.612 Thread 0x0000000016340000 DEOPT UNPACKING pc=0x00000000021f582a sp=0x00000000169de6b8 mode 2
Event: 12.806 Executing VM operation: ParallelGCFailedAllocation
Event: 13.521 Executing VM operation: ParallelGCFailedAllocation done
Event: 13.523 loading class com/android/dx/rop/code/RegisterSpec$1
Event: 13.523 loading class com/android/dx/rop/code/RegisterSpec$1 done


Dynamic libraries:
0x00007ff663fe0000 - 0x00007ff664017000 	C:\Program Files\Java\jdk1.8.0_51\bin\java.exe
0x00007ffccac70000 - 0x00007ffccae1c000 	C:\windows\SYSTEM32\ntdll.dll
0x00007ffcc8ca0000 - 0x00007ffcc8dde000 	C:\windows\system32\KERNEL32.DLL
0x00007ffcc7ff0000 - 0x00007ffcc8105000 	C:\windows\system32\KERNELBASE.dll
0x00007ffcc67b0000 - 0x00007ffcc683e000 	C:\windows\system32\apphelp.dll
0x00007ffcc2a00000 - 0x00007ffcc2a53000 	C:\windows\AppPatch\AppPatch64\AcGenral.DLL
0x00007ffccab00000 - 0x00007ffccabaa000 	C:\windows\system32\msvcrt.dll
0x00007ffcc7b90000 - 0x00007ffcc7bbe000 	C:\windows\SYSTEM32\SspiCli.dll
0x00007ffcc8750000 - 0x00007ffcc87a4000 	C:\windows\system32\SHLWAPI.dll
0x00007ffcca600000 - 0x00007ffcca777000 	C:\windows\system32\USER32.dll
0x00007ffcca8d0000 - 0x00007ffccaa64000 	C:\windows\system32\ole32.dll
0x00007ffcc90c0000 - 0x00007ffcca5eb000 	C:\windows\system32\SHELL32.dll
0x00007ffcc7360000 - 0x00007ffcc7381000 	C:\windows\SYSTEM32\USERENV.dll
0x00007ffcc9010000 - 0x00007ffcc90ba000 	C:\windows\system32\ADVAPI32.dll
0x00007ffcc3860000 - 0x00007ffcc387e000 	C:\windows\SYSTEM32\MPR.dll
0x00007ffcc8b00000 - 0x00007ffcc8c41000 	C:\windows\system32\RPCRT4.dll
0x00007ffcc82f0000 - 0x00007ffcc8349000 	C:\windows\SYSTEM32\sechost.dll
0x00007ffcc8530000 - 0x00007ffcc8741000 	C:\windows\SYSTEM32\combase.dll
0x00007ffcca780000 - 0x00007ffcca8cf000 	C:\windows\system32\GDI32.dll
0x00007ffcc7dc0000 - 0x00007ffcc7dd5000 	C:\windows\SYSTEM32\profapi.dll
0x00007ffcc5da0000 - 0x00007ffcc5e52000 	C:\windows\SYSTEM32\SHCORE.dll
0x00007ffcc8c60000 - 0x00007ffcc8c96000 	C:\windows\system32\IMM32.DLL
0x00007ffcc8eb0000 - 0x00007ffcc9002000 	C:\windows\system32\MSCTF.dll
0x00007ffcc4780000 - 0x00007ffcc49fb000 	C:\windows\WinSxS\amd64_microsoft.windows.common-controls_6595b64144ccf1df_6.0.9600.18006_none_623f33d3ecbe86e8\COMCTL32.dll
0x000000006c080000 - 0x000000006c152000 	C:\Program Files\Java\jdk1.8.0_51\jre\bin\msvcr100.dll
0x000000006c5e0000 - 0x000000006ce63000 	C:\Program Files\Java\jdk1.8.0_51\jre\bin\server\jvm.dll
0x00007ffcbfb40000 - 0x00007ffcbfb49000 	C:\windows\SYSTEM32\WSOCK32.dll
0x00007ffcbc150000 - 0x00007ffcbc172000 	C:\windows\SYSTEM32\WINMM.dll
0x00007ffcc0a60000 - 0x00007ffcc0a6a000 	C:\windows\SYSTEM32\VERSION.dll
0x00007ffccaa90000 - 0x00007ffccaa97000 	C:\windows\system32\PSAPI.DLL
0x00007ffccaaa0000 - 0x00007ffccaafa000 	C:\windows\system32\WS2_32.dll
0x00007ffcb8830000 - 0x00007ffcb885a000 	C:\windows\SYSTEM32\WINMMBASE.dll
0x00007ffcca5f0000 - 0x00007ffcca5f9000 	C:\windows\system32\NSI.dll
0x00007ffcc7e90000 - 0x00007ffcc7edf000 	C:\windows\SYSTEM32\cfgmgr32.dll
0x00007ffcc6bb0000 - 0x00007ffcc6bd8000 	C:\windows\SYSTEM32\DEVOBJ.dll
0x000000006c4f0000 - 0x000000006c4ff000 	C:\Program Files\Java\jdk1.8.0_51\jre\bin\verify.dll
0x000000006c4c0000 - 0x000000006c4e9000 	C:\Program Files\Java\jdk1.8.0_51\jre\bin\java.dll
0x000000006c4a0000 - 0x000000006c4b6000 	C:\Program Files\Java\jdk1.8.0_51\jre\bin\zip.dll
0x00007ffcc59f0000 - 0x00007ffcc5b79000 	C:\windows\SYSTEM32\dbghelp.dll

VM Arguments:
jvm_args: -Xmx1024M -Dfile.encoding=windows-1252 -Duser.country=MX -Duser.language=es -Duser.variant 
java_command: com.android.dx.command.Main --dex --num-threads=4 --output C:\Users\manuel\AndroidStudioProjects\DoctorPaciente\app\build\intermediates\pre-dexed\debug\internal_impl-23.1.1-335e3a34b27d17fd8ea650f8e97855c11532de40.jar C:\Users\manuel\AndroidStudioProjects\DoctorPaciente\app\build\intermediates\exploded-aar\com.android.support\support-v4\23.1.1\jars\libs\internal_impl-23.1.1.jar
java_class_path (initial): C:\Users\manuel\AppData\Local\Android\sdk\build-tools\23.0.0\lib\dx.jar
Launcher Type: SUN_STANDARD

Environment Variables:
PATH=C:\ProgramData\Oracle\Java\javapath;C:\Program Files (x86)\Intel\iCLS Client\;C:\Program Files\Intel\iCLS Client\;C:\windows\system32;C:\windows;C:\windows\System32\Wbem;C:\windows\System32\WindowsPowerShell\v1.0\;C:\Program Files\Intel\Intel(R) Management Engine Components\DAL;C:\Program Files\Intel\Intel(R) Management Engine Components\IPT;C:\Program Files (x86)\Intel\Intel(R) Management Engine Components\DAL;C:\Program Files (x86)\Intel\Intel(R) Management Engine Components\IPT;C:\Program Files (x86)\Calibre2\;C:\Program Files (x86)\QuickTime\QTSystem\;C:\Program Files\MATLAB\R2015a\bin;C:\SQLite;C:\Program Files\Java\jdk1.8.0_51\bin
USERNAME=manuel
OS=Windows_NT
PROCESSOR_IDENTIFIER=Intel64 Family 6 Model 69 Stepping 1, GenuineIntel



---------------  S Y S T E M  ---------------

OS: Windows 8.1 , 64 bit Build 9600 (6.3.9600.17415)

CPU:total 4 (2 cores per cpu, 2 threads per core) family 6 model 69 stepping 1, cmov, cx8, fxsr, mmx, sse, sse2, sse3, ssse3, sse4.1, sse4.2, popcnt, avx, avx2, aes, clmul, erms, lzcnt, ht, tsc, tscinvbit, bmi1, bmi2

Memory: 4k page, physical 4071704k(142908k free), swap 7217432k(5124k free)

vm_info: Java HotSpot(TM) 64-Bit Server VM (25.51-b03) for windows-amd64 JRE (1.8.0_51-b16), built on Jun  8 2015 18:03:07 by "java_re" with MS VC++ 10.0 (VS2010)

time: Wed Dec 23 17:10:20 2015
elapsed time: 13 seconds (0d 0h 0m 13s)

